+ java -jar gobang-baseline.jar -d 2 -n 11 -l
Size: 11, depth: 2
     a   b   c   d   e   f   g   h   i   j   k
   +---+---+---+---+---+---+---+---+---+---+---+
 1 |   |   |   |   |   |   |   |   |   |   |   |
   +---+---+---+---+---+---+---+---+---+---+---+
 2 |   |   |   |   |   |   |   |   |   |   |   |
   +---+---+---+---+---+---+---+---+---+---+---+
 3 |   |   |   |   |   |   |   |   |   |   |   |
   +---+---+---+---+---+---+---+---+---+---+---+
 4 |   |   |   |   |   |   |   |   |   |   |   |
   +---+---+---+---+---+---+---+---+---+---+---+
 5 |   |   |   |   |   |   |   |   |   |   |   |
   +---+---+---+---+---+---+---+---+---+---+---+
 6 |   |   |   |   |   |   |   |   |   |   |   |
   +---+---+---+---+---+---+---+---+---+---+---+
 7 |   |   |   |   |   |   |   |   |   |   |   |
   +---+---+---+---+---+---+---+---+---+---+---+
 8 |   |   |   |   |   |   |   |   |   |   |   |
   +---+---+---+---+---+---+---+---+---+---+---+
 9 |   |   |   |   |   |   |   |   |   |   |   |
   +---+---+---+---+---+---+---+---+---+---+---+
10 |   |   |   |   |   |   |   |   |   |   |   |
   +---+---+---+---+---+---+---+---+---+---+---+
11 |   |   |   |   |   |   |   |   |   |   |   |
   +---+---+---+---+---+---+---+---+---+---+---+
Move played: --
Dark player (COM) plays now
Dark player (COM) is calculating its next move... (this might take up to 30 seconds)
     a   b   c   d   e   f   g   h   i   j   k
   +---+---+---+---+---+---+---+---+---+---+---+
 1 |   |   |   |   |   |   |   |   |   |   |   |
   +---+---+---+---+---+---+---+---+---+---+---+
 2 |   |   |   |   |   |   |   |   |   |   |   |
   +---+---+---+---+---+---+---+---+---+---+---+
 3 |   |   |   |   |   |   |   |   |   |   |   |
   +---+---+---+---+---+---+---+---+---+---+---+
 4 |   |   |   |   |   |   |   |   |   |   |   |
   +---+---+---+---+---+---+---+---+---+---+---+
 5 |   |   |   |   |   |   |   |   |   |   |   |
   +---+---+---+---+---+---+---+---+---+---+---+
 6 |   |   |   |   |   |   |   |   |   |   |   |
   +---+---+---+---+---+---+---+---+---+---+---+
 7 |   |   |   |   |   |   |   |   |   |   |   |
   +---+---+---+---+---+---+---+---+---+---+---+
 8 |   |   |   |   |   |   |   |   |   |   |   |
   +---+---+---+---+---+---+---+---+---+---+---+
 9 |   |   |   |   |   |   |   | D |   |   |   |
   +---+---+---+---+---+---+---+---+---+---+---+
10 |   |   |   |   |   |   |   |   |   |   |   |
   +---+---+---+---+---+---+---+---+---+---+---+
11 |   |   |   |   |   |   |   |   |   |   |   |
   +---+---+---+---+---+---+---+---+---+---+---+
Move played: h9
Light player (human) plays now
>      a   b   c   d   e   f   g   h   i   j   k
   +---+---+---+---+---+---+---+---+---+---+---+
 1 |   |   |   |   |   |   |   |   |   |   |   |
   +---+---+---+---+---+---+---+---+---+---+---+
 2 |   | L |   |   |   |   |   |   |   |   |   |
   +---+---+---+---+---+---+---+---+---+---+---+
 3 |   |   |   |   |   |   |   |   |   |   |   |
   +---+---+---+---+---+---+---+---+---+---+---+
 4 |   |   |   |   |   |   |   |   |   |   |   |
   +---+---+---+---+---+---+---+---+---+---+---+
 5 |   |   |   |   |   |   |   |   |   |   |   |
   +---+---+---+---+---+---+---+---+---+---+---+
 6 |   |   |   |   |   |   |   |   |   |   |   |
   +---+---+---+---+---+---+---+---+---+---+---+
 7 |   |   |   |   |   |   |   |   |   |   |   |
   +---+---+---+---+---+---+---+---+---+---+---+
 8 |   |   |   |   |   |   |   |   |   |   |   |
   +---+---+---+---+---+---+---+---+---+---+---+
 9 |   |   |   |   |   |   |   | D |   |   |   |
   +---+---+---+---+---+---+---+---+---+---+---+
10 |   |   |   |   |   |   |   |   |   |   |   |
   +---+---+---+---+---+---+---+---+---+---+---+
11 |   |   |   |   |   |   |   |   |   |   |   |
   +---+---+---+---+---+---+---+---+---+---+---+
Move played: b2
Dark player (COM) plays now
Dark player (COM) is calculating its next move... (this might take up to 30 seconds)
     a   b   c   d   e   f   g   h   i   j   k
   +---+---+---+---+---+---+---+---+---+---+---+
 1 |   |   |   |   |   |   |   |   |   |   |   |
   +---+---+---+---+---+---+---+---+---+---+---+
 2 |   | L |   |   |   |   |   |   |   |   |   |
   +---+---+---+---+---+---+---+---+---+---+---+
 3 |   |   |   |   |   |   |   |   |   |   |   |
   +---+---+---+---+---+---+---+---+---+---+---+
 4 |   |   |   |   |   |   |   |   |   |   |   |
   +---+---+---+---+---+---+---+---+---+---+---+
 5 |   |   |   |   |   |   |   |   |   |   |   |
   +---+---+---+---+---+---+---+---+---+---+---+
 6 |   |   |   |   |   |   |   |   |   |   |   |
   +---+---+---+---+---+---+---+---+---+---+---+
 7 |   |   |   |   |   |   |   |   |   |   |   |
   +---+---+---+---+---+---+---+---+---+---+---+
 8 |   |   |   |   |   |   |   |   |   |   |   |
   +---+---+---+---+---+---+---+---+---+---+---+
 9 |   |   |   |   |   |   | D | D |   |   |   |
   +---+---+---+---+---+---+---+---+---+---+---+
10 |   |   |   |   |   |   |   |   |   |   |   |
   +---+---+---+---+---+---+---+---+---+---+---+
11 |   |   |   |   |   |   |   |   |   |   |   |
   +---+---+---+---+---+---+---+---+---+---+---+
Move played: g9
Light player (human) plays now
>      a   b   c   d   e   f   g   h   i   j   k
   +---+---+---+---+---+---+---+---+---+---+---+
 1 |   |   |   |   |   |   |   |   |   |   |   |
   +---+---+---+---+---+---+---+---+---+---+---+
 2 |   | L |   |   |   |   |   |   |   |   |   |
   +---+---+---+---+---+---+---+---+---+---+---+
 3 |   |   |   |   |   |   |   |   |   |   |   |
   +---+---+---+---+---+---+---+---+---+---+---+
 4 |   |   |   |   |   |   |   |   |   |   |   |
   +---+---+---+---+---+---+---+---+---+---+---+
 5 |   |   |   |   |   |   |   |   |   |   |   |
   +---+---+---+---+---+---+---+---+---+---+---+
 6 |   |   |   |   |   |   |   |   |   |   |   |
   +---+---+---+---+---+---+---+---+---+---+---+
 7 |   |   |   |   |   |   |   |   |   |   |   |
   +---+---+---+---+---+---+---+---+---+---+---+
 8 |   |   |   |   |   |   |   |   |   |   |   |
   +---+---+---+---+---+---+---+---+---+---+---+
 9 |   |   |   |   |   | L | D | D |   |   |   |
   +---+---+---+---+---+---+---+---+---+---+---+
10 |   |   |   |   |   |   |   |   |   |   |   |
   +---+---+---+---+---+---+---+---+---+---+---+
11 |   |   |   |   |   |   |   |   |   |   |   |
   +---+---+---+---+---+---+---+---+---+---+---+
Move played: f9
Dark player (COM) plays now
Dark player (COM) is calculating its next move... (this might take up to 30 seconds)
     a   b   c   d   e   f   g   h   i   j   k
   +---+---+---+---+---+---+---+---+---+---+---+
 1 |   |   |   |   |   |   |   |   |   |   |   |
   +---+---+---+---+---+---+---+---+---+---+---+
 2 |   | L |   |   |   |   |   |   |   |   |   |
   +---+---+---+---+---+---+---+---+---+---+---+
 3 |   |   |   |   |   |   |   |   |   |   |   |
   +---+---+---+---+---+---+---+---+---+---+---+
 4 |   |   |   |   |   |   |   |   |   |   |   |
   +---+---+---+---+---+---+---+---+---+---+---+
 5 |   |   |   |   |   |   |   |   |   |   |   |
   +---+---+---+---+---+---+---+---+---+---+---+
 6 |   |   |   |   |   |   |   |   |   |   |   |
   +---+---+---+---+---+---+---+---+---+---+---+
 7 |   |   |   |   |   |   |   |   |   |   |   |
   +---+---+---+---+---+---+---+---+---+---+---+
 8 |   |   |   |   |   |   | D |   |   |   |   |
   +---+---+---+---+---+---+---+---+---+---+---+
 9 |   |   |   |   |   | L | D | D |   |   |   |
   +---+---+---+---+---+---+---+---+---+---+---+
10 |   |   |   |   |   |   |   |   |   |   |   |
   +---+---+---+---+---+---+---+---+---+---+---+
11 |   |   |   |   |   |   |   |   |   |   |   |
   +---+---+---+---+---+---+---+---+---+---+---+
Move played: g8
Light player (human) plays now
>      a   b   c   d   e   f   g   h   i   j   k
   +---+---+---+---+---+---+---+---+---+---+---+
 1 |   |   |   |   |   |   |   |   |   |   |   |
   +---+---+---+---+---+---+---+---+---+---+---+
 2 |   | L |   |   |   |   |   |   |   |   |   |
   +---+---+---+---+---+---+---+---+---+---+---+
 3 |   |   |   |   |   |   |   |   |   |   |   |
   +---+---+---+---+---+---+---+---+---+---+---+
 4 |   |   |   |   |   |   |   |   |   |   |   |
   +---+---+---+---+---+---+---+---+---+---+---+
 5 |   |   |   |   |   |   |   |   |   |   |   |
   +---+---+---+---+---+---+---+---+---+---+---+
 6 |   |   |   |   |   |   |   |   |   |   |   |
   +---+---+---+---+---+---+---+---+---+---+---+
 7 |   |   |   |   |   |   |   |   |   |   |   |
   +---+---+---+---+---+---+---+---+---+---+---+
 8 |   |   |   |   |   |   | D |   |   |   |   |
   +---+---+---+---+---+---+---+---+---+---+---+
 9 |   |   |   |   |   | L | D | D |   |   |   |
   +---+---+---+---+---+---+---+---+---+---+---+
10 |   |   |   |   |   |   | L |   |   |   |   |
   +---+---+---+---+---+---+---+---+---+---+---+
11 |   |   |   |   |   |   |   |   |   |   |   |
   +---+---+---+---+---+---+---+---+---+---+---+
Move played: g10
Dark player (COM) plays now
Dark player (COM) is calculating its next move... (this might take up to 30 seconds)
     a   b   c   d   e   f   g   h   i   j   k
   +---+---+---+---+---+---+---+---+---+---+---+
 1 |   |   |   |   |   |   |   |   |   |   |   |
   +---+---+---+---+---+---+---+---+---+---+---+
 2 |   | L |   |   |   |   |   |   |   |   |   |
   +---+---+---+---+---+---+---+---+---+---+---+
 3 |   |   |   |   |   |   |   |   |   |   |   |
   +---+---+---+---+---+---+---+---+---+---+---+
 4 |   |   |   |   |   |   |   |   |   |   |   |
   +---+---+---+---+---+---+---+---+---+---+---+
 5 |   |   |   |   |   |   |   |   |   |   |   |
   +---+---+---+---+---+---+---+---+---+---+---+
 6 |   |   |   |   |   |   |   |   |   |   |   |
   +---+---+---+---+---+---+---+---+---+---+---+
 7 |   |   |   |   |   | D |   |   |   |   |   |
   +---+---+---+---+---+---+---+---+---+---+---+
 8 |   |   |   |   |   |   | D |   |   |   |   |
   +---+---+---+---+---+---+---+---+---+---+---+
 9 |   |   |   |   |   | L | D | D |   |   |   |
   +---+---+---+---+---+---+---+---+---+---+---+
10 |   |   |   |   |   |   | L |   |   |   |   |
   +---+---+---+---+---+---+---+---+---+---+---+
11 |   |   |   |   |   |   |   |   |   |   |   |
   +---+---+---+---+---+---+---+---+---+---+---+
Move played: f7
Light player (human) plays now
>      a   b   c   d   e   f   g   h   i   j   k
   +---+---+---+---+---+---+---+---+---+---+---+
 1 |   |   |   |   |   |   |   |   |   |   |   |
   +---+---+---+---+---+---+---+---+---+---+---+
 2 |   | L |   |   |   |   |   |   |   |   |   |
   +---+---+---+---+---+---+---+---+---+---+---+
 3 |   |   |   |   |   |   |   |   |   |   |   |
   +---+---+---+---+---+---+---+---+---+---+---+
 4 |   |   |   |   |   |   |   |   |   |   |   |
   +---+---+---+---+---+---+---+---+---+---+---+
 5 |   |   |   |   |   |   |   |   |   |   |   |
   +---+---+---+---+---+---+---+---+---+---+---+
 6 |   |   |   |   |   |   |   |   |   |   |   |
   +---+---+---+---+---+---+---+---+---+---+---+
 7 |   |   |   |   |   | D |   |   |   |   |   |
   +---+---+---+---+---+---+---+---+---+---+---+
 8 |   |   |   |   |   |   | D |   |   |   |   |
   +---+---+---+---+---+---+---+---+---+---+---+
 9 |   |   |   |   |   | L | D | D |   |   |   |
   +---+---+---+---+---+---+---+---+---+---+---+
10 |   |   |   |   |   |   | L |   | L |   |   |
   +---+---+---+---+---+---+---+---+---+---+---+
11 |   |   |   |   |   |   |   |   |   |   |   |
   +---+---+---+---+---+---+---+---+---+---+---+
Move played: i10
Dark player (COM) plays now
Dark player (COM) is calculating its next move... (this might take up to 30 seconds)
     a   b   c   d   e   f   g   h   i   j   k
   +---+---+---+---+---+---+---+---+---+---+---+
 1 |   |   |   |   |   |   |   |   |   |   |   |
   +---+---+---+---+---+---+---+---+---+---+---+
 2 |   | L |   |   |   |   |   |   |   |   |   |
   +---+---+---+---+---+---+---+---+---+---+---+
 3 |   |   |   |   |   |   |   |   |   |   |   |
   +---+---+---+---+---+---+---+---+---+---+---+
 4 |   |   |   |   |   |   |   |   |   |   |   |
   +---+---+---+---+---+---+---+---+---+---+---+
 5 |   |   |   |   |   |   |   |   |   |   |   |
   +---+---+---+---+---+---+---+---+---+---+---+
 6 |   |   |   |   |   |   |   |   |   |   |   |
   +---+---+---+---+---+---+---+---+---+---+---+
 7 |   |   |   |   |   | D | D |   |   |   |   |
   +---+---+---+---+---+---+---+---+---+---+---+
 8 |   |   |   |   |   |   | D |   |   |   |   |
   +---+---+---+---+---+---+---+---+---+---+---+
 9 |   |   |   |   |   | L | D | D |   |   |   |
   +---+---+---+---+---+---+---+---+---+---+---+
10 |   |   |   |   |   |   | L |   | L |   |   |
   +---+---+---+---+---+---+---+---+---+---+---+
11 |   |   |   |   |   |   |   |   |   |   |   |
   +---+---+---+---+---+---+---+---+---+---+---+
Move played: g7
Light player (human) plays now
>      a   b   c   d   e   f   g   h   i   j   k
   +---+---+---+---+---+---+---+---+---+---+---+
 1 |   |   |   |   |   |   |   |   |   |   |   |
   +---+---+---+---+---+---+---+---+---+---+---+
 2 |   | L |   |   |   |   |   |   |   |   |   |
   +---+---+---+---+---+---+---+---+---+---+---+
 3 |   |   |   |   |   |   |   |   |   |   |   |
   +---+---+---+---+---+---+---+---+---+---+---+
 4 |   |   |   |   |   |   |   |   |   |   |   |
   +---+---+---+---+---+---+---+---+---+---+---+
 5 |   |   |   |   |   |   |   |   |   |   |   |
   +---+---+---+---+---+---+---+---+---+---+---+
 6 |   |   |   |   |   |   |   |   |   |   |   |
   +---+---+---+---+---+---+---+---+---+---+---+
 7 |   |   |   |   |   | D | D |   |   |   |   |
   +---+---+---+---+---+---+---+---+---+---+---+
 8 |   |   |   |   |   |   | D |   |   |   |   |
   +---+---+---+---+---+---+---+---+---+---+---+
 9 |   |   |   |   |   | L | D | D |   |   |   |
   +---+---+---+---+---+---+---+---+---+---+---+
10 |   |   |   |   |   | L | L |   | L |   |   |
   +---+---+---+---+---+---+---+---+---+---+---+
11 |   |   |   |   |   |   |   |   |   |   |   |
   +---+---+---+---+---+---+---+---+---+---+---+
Move played: f10
Dark player (COM) plays now
Dark player (COM) is calculating its next move... (this might take up to 30 seconds)
     a   b   c   d   e   f   g   h   i   j   k
   +---+---+---+---+---+---+---+---+---+---+---+
 1 |   |   |   |   |   |   |   |   |   |   |   |
   +---+---+---+---+---+---+---+---+---+---+---+
 2 |   | L |   |   |   |   |   |   |   |   |   |
   +---+---+---+---+---+---+---+---+---+---+---+
 3 |   |   |   |   |   |   |   |   |   |   |   |
   +---+---+---+---+---+---+---+---+---+---+---+
 4 |   |   |   |   |   |   |   |   |   |   |   |
   +---+---+---+---+---+---+---+---+---+---+---+
 5 |   |   |   |   |   |   |   |   |   |   |   |
   +---+---+---+---+---+---+---+---+---+---+---+
 6 |   |   |   |   |   |   |   |   |   |   |   |
   +---+---+---+---+---+---+---+---+---+---+---+
 7 |   |   |   |   |   | D | D |   |   |   |   |
   +---+---+---+---+---+---+---+---+---+---+---+
 8 |   |   |   |   |   |   | D |   |   |   |   |
   +---+---+---+---+---+---+---+---+---+---+---+
 9 |   |   |   |   |   | L | D | D |   |   |   |
   +---+---+---+---+---+---+---+---+---+---+---+
10 |   |   |   |   |   | L | L | D | L |   |   |
   +---+---+---+---+---+---+---+---+---+---+---+
11 |   |   |   |   |   |   |   |   |   |   |   |
   +---+---+---+---+---+---+---+---+---+---+---+
Move played: h10
Light player (human) plays now
>      a   b   c   d   e   f   g   h   i   j   k
   +---+---+---+---+---+---+---+---+---+---+---+
 1 |   |   |   |   |   |   |   |   |   |   |   |
   +---+---+---+---+---+---+---+---+---+---+---+
 2 |   | L |   |   |   |   |   |   |   |   |   |
   +---+---+---+---+---+---+---+---+---+---+---+
 3 |   |   |   |   |   |   |   |   |   |   |   |
   +---+---+---+---+---+---+---+---+---+---+---+
 4 |   |   |   |   |   |   |   |   |   |   |   |
   +---+---+---+---+---+---+---+---+---+---+---+
 5 |   |   |   |   |   |   |   |   |   |   |   |
   +---+---+---+---+---+---+---+---+---+---+---+
 6 |   |   |   |   |   |   |   |   |   |   |   |
   +---+---+---+---+---+---+---+---+---+---+---+
 7 |   |   |   |   |   | D | D |   |   |   |   |
   +---+---+---+---+---+---+---+---+---+---+---+
 8 |   |   |   |   | L |   | D |   |   |   |   |
   +---+---+---+---+---+---+---+---+---+---+---+
 9 |   |   |   |   |   | L | D | D |   |   |   |
   +---+---+---+---+---+---+---+---+---+---+---+
10 |   |   |   |   |   | L | L | D | L |   |   |
   +---+---+---+---+---+---+---+---+---+---+---+
11 |   |   |   |   |   |   |   |   |   |   |   |
   +---+---+---+---+---+---+---+---+---+---+---+
Move played: e8
Dark player (COM) plays now
Dark player (COM) is calculating its next move... (this might take up to 30 seconds)
     a   b   c   d   e   f   g   h   i   j   k
   +---+---+---+---+---+---+---+---+---+---+---+
 1 |   |   |   |   |   |   |   |   |   |   |   |
   +---+---+---+---+---+---+---+---+---+---+---+
 2 |   | L |   |   |   |   |   |   |   |   |   |
   +---+---+---+---+---+---+---+---+---+---+---+
 3 |   |   |   |   |   |   |   |   |   |   |   |
   +---+---+---+---+---+---+---+---+---+---+---+
 4 |   |   |   |   |   |   |   |   |   |   |   |
   +---+---+---+---+---+---+---+---+---+---+---+
 5 |   |   |   |   |   |   |   |   |   |   |   |
   +---+---+---+---+---+---+---+---+---+---+---+
 6 |   |   | D |   |   |   |   |   |   |   |   |
   +---+---+---+---+---+---+---+---+---+---+---+
 7 |   |   |   |   |   | D | D |   |   |   |   |
   +---+---+---+---+---+---+---+---+---+---+---+
 8 |   |   |   |   | L |   | D |   |   |   |   |
   +---+---+---+---+---+---+---+---+---+---+---+
 9 |   |   |   |   |   | L | D | D |   |   |   |
   +---+---+---+---+---+---+---+---+---+---+---+
10 |   |   |   |   |   | L | L | D | L |   |   |
   +---+---+---+---+---+---+---+---+---+---+---+
11 |   |   |   |   |   |   |   |   |   |   |   |
   +---+---+---+---+---+---+---+---+---+---+---+
Move played: c6
Light player (human) plays now
>      a   b   c   d   e   f   g   h   i   j   k
   +---+---+---+---+---+---+---+---+---+---+---+
 1 |   |   |   |   |   |   |   |   |   |   |   |
   +---+---+---+---+---+---+---+---+---+---+---+
 2 |   | L |   |   |   |   |   |   |   |   |   |
   +---+---+---+---+---+---+---+---+---+---+---+
 3 |   |   |   |   |   |   |   |   |   |   |   |
   +---+---+---+---+---+---+---+---+---+---+---+
 4 |   |   |   |   |   |   |   |   |   |   |   |
   +---+---+---+---+---+---+---+---+---+---+---+
 5 |   |   |   |   |   |   |   |   |   |   |   |
   +---+---+---+---+---+---+---+---+---+---+---+
 6 |   |   | D |   |   |   |   |   |   |   |   |
   +---+---+---+---+---+---+---+---+---+---+---+
 7 |   |   |   | L |   | D | D |   |   |   |   |
   +---+---+---+---+---+---+---+---+---+---+---+
 8 |   |   |   |   | L |   | D |   |   |   |   |
   +---+---+---+---+---+---+---+---+---+---+---+
 9 |   |   |   |   |   | L | D | D |   |   |   |
   +---+---+---+---+---+---+---+---+---+---+---+
10 |   |   |   |   |   | L | L | D | L |   |   |
   +---+---+---+---+---+---+---+---+---+---+---+
11 |   |   |   |   |   |   |   |   |   |   |   |
   +---+---+---+---+---+---+---+---+---+---+---+
Move played: d7
Dark player (COM) plays now
Dark player (COM) is calculating its next move... (this might take up to 30 seconds)
     a   b   c   d   e   f   g   h   i   j   k
   +---+---+---+---+---+---+---+---+---+---+---+
 1 |   |   |   |   |   |   |   |   |   |   |   |
   +---+---+---+---+---+---+---+---+---+---+---+
 2 |   | L |   |   |   |   |   |   |   |   |   |
   +---+---+---+---+---+---+---+---+---+---+---+
 3 |   |   |   |   |   |   |   |   |   |   |   |
   +---+---+---+---+---+---+---+---+---+---+---+
 4 |   |   |   |   |   |   |   |   |   |   |   |
   +---+---+---+---+---+---+---+---+---+---+---+
 5 |   |   |   |   |   |   |   |   |   |   |   |
   +---+---+---+---+---+---+---+---+---+---+---+
 6 |   |   | D |   |   |   |   |   |   |   |   |
   +---+---+---+---+---+---+---+---+---+---+---+
 7 |   |   |   | L |   | D | D |   |   |   |   |
   +---+---+---+---+---+---+---+---+---+---+---+
 8 |   |   |   |   | L |   | D |   |   |   |   |
   +---+---+---+---+---+---+---+---+---+---+---+
 9 |   |   |   |   |   | L | D | D |   |   |   |
   +---+---+---+---+---+---+---+---+---+---+---+
10 |   |   |   |   |   | L | L | D | L |   |   |
   +---+---+---+---+---+---+---+---+---+---+---+
11 |   |   |   |   |   |   |   | D |   |   |   |
   +---+---+---+---+---+---+---+---+---+---+---+
Move played: h11
Light player (human) plays now
>      a   b   c   d   e   f   g   h   i   j   k
   +---+---+---+---+---+---+---+---+---+---+---+
 1 |   |   |   |   |   |   |   |   |   |   |   |
   +---+---+---+---+---+---+---+---+---+---+---+
 2 |   | L |   |   |   |   |   |   |   |   |   |
   +---+---+---+---+---+---+---+---+---+---+---+
 3 |   |   |   |   |   |   |   |   |   |   |   |
   +---+---+---+---+---+---+---+---+---+---+---+
 4 |   |   |   |   |   |   |   |   |   |   |   |
   +---+---+---+---+---+---+---+---+---+---+---+
 5 |   |   |   |   |   |   |   |   |   |   |   |
   +---+---+---+---+---+---+---+---+---+---+---+
 6 |   |   | D |   |   |   |   |   |   |   |   |
   +---+---+---+---+---+---+---+---+---+---+---+
 7 |   |   |   | L |   | D | D |   |   |   |   |
   +---+---+---+---+---+---+---+---+---+---+---+
 8 |   |   |   |   | L |   | D | L |   |   |   |
   +---+---+---+---+---+---+---+---+---+---+---+
 9 |   |   |   |   |   | L | D | D |   |   |   |
   +---+---+---+---+---+---+---+---+---+---+---+
10 |   |   |   |   |   | L | L | D | L |   |   |
   +---+---+---+---+---+---+---+---+---+---+---+
11 |   |   |   |   |   |   |   | D |   |   |   |
   +---+---+---+---+---+---+---+---+---+---+---+
Move played: h8
Dark player (COM) plays now
Dark player (COM) is calculating its next move... (this might take up to 30 seconds)
     a   b   c   d   e   f   g   h   i   j   k
   +---+---+---+---+---+---+---+---+---+---+---+
 1 |   |   |   |   |   |   |   |   |   |   |   |
   +---+---+---+---+---+---+---+---+---+---+---+
 2 |   | L |   |   |   |   |   |   |   |   |   |
   +---+---+---+---+---+---+---+---+---+---+---+
 3 |   |   |   |   |   |   |   |   |   |   |   |
   +---+---+---+---+---+---+---+---+---+---+---+
 4 |   |   |   |   |   |   |   |   |   |   |   |
   +---+---+---+---+---+---+---+---+---+---+---+
 5 |   |   |   |   |   |   |   |   |   |   |   |
   +---+---+---+---+---+---+---+---+---+---+---+
 6 |   |   | D |   |   |   | D |   |   |   |   |
   +---+---+---+---+---+---+---+---+---+---+---+
 7 |   |   |   | L |   | D | D |   |   |   |   |
   +---+---+---+---+---+---+---+---+---+---+---+
 8 |   |   |   |   | L |   | D | L |   |   |   |
   +---+---+---+---+---+---+---+---+---+---+---+
 9 |   |   |   |   |   | L | D | D |   |   |   |
   +---+---+---+---+---+---+---+---+---+---+---+
10 |   |   |   |   |   | L | L | D | L |   |   |
   +---+---+---+---+---+---+---+---+---+---+---+
11 |   |   |   |   |   |   |   | D |   |   |   |
   +---+---+---+---+---+---+---+---+---+---+---+
Move played: g6
Light player (human) plays now
>      a   b   c   d   e   f   g   h   i   j   k
   +---+---+---+---+---+---+---+---+---+---+---+
 1 |   |   |   |   |   |   |   |   |   |   |   |
   +---+---+---+---+---+---+---+---+---+---+---+
 2 |   | L |   |   |   |   |   |   |   |   |   |
   +---+---+---+---+---+---+---+---+---+---+---+
 3 |   |   |   |   |   |   |   |   |   |   |   |
   +---+---+---+---+---+---+---+---+---+---+---+
 4 |   |   |   |   |   |   |   |   |   |   |   |
   +---+---+---+---+---+---+---+---+---+---+---+
 5 |   |   |   |   |   |   | L |   |   |   |   |
   +---+---+---+---+---+---+---+---+---+---+---+
 6 |   |   | D |   |   |   | D |   |   |   |   |
   +---+---+---+---+---+---+---+---+---+---+---+
 7 |   |   |   | L |   | D | D |   |   |   |   |
   +---+---+---+---+---+---+---+---+---+---+---+
 8 |   |   |   |   | L |   | D | L |   |   |   |
   +---+---+---+---+---+---+---+---+---+---+---+
 9 |   |   |   |   |   | L | D | D |   |   |   |
   +---+---+---+---+---+---+---+---+---+---+---+
10 |   |   |   |   |   | L | L | D | L |   |   |
   +---+---+---+---+---+---+---+---+---+---+---+
11 |   |   |   |   |   |   |   | D |   |   |   |
   +---+---+---+---+---+---+---+---+---+---+---+
Move played: g5
Dark player (COM) plays now
Dark player (COM) is calculating its next move... (this might take up to 30 seconds)
     a   b   c   d   e   f   g   h   i   j   k
   +---+---+---+---+---+---+---+---+---+---+---+
 1 |   |   |   |   |   |   |   |   |   |   |   |
   +---+---+---+---+---+---+---+---+---+---+---+
 2 |   | L |   |   |   |   |   |   |   |   |   |
   +---+---+---+---+---+---+---+---+---+---+---+
 3 |   |   |   |   |   |   |   |   |   |   |   |
   +---+---+---+---+---+---+---+---+---+---+---+
 4 | D |   |   |   |   |   |   |   |   |   |   |
   +---+---+---+---+---+---+---+---+---+---+---+
 5 |   |   |   |   |   |   | L |   |   |   |   |
   +---+---+---+---+---+---+---+---+---+---+---+
 6 |   |   | D |   |   |   | D |   |   |   |   |
   +---+---+---+---+---+---+---+---+---+---+---+
 7 |   |   |   | L |   | D | D |   |   |   |   |
   +---+---+---+---+---+---+---+---+---+---+---+
 8 |   |   |   |   | L |   | D | L |   |   |   |
   +---+---+---+---+---+---+---+---+---+---+---+
 9 |   |   |   |   |   | L | D | D |   |   |   |
   +---+---+---+---+---+---+---+---+---+---+---+
10 |   |   |   |   |   | L | L | D | L |   |   |
   +---+---+---+---+---+---+---+---+---+---+---+
11 |   |   |   |   |   |   |   | D |   |   |   |
   +---+---+---+---+---+---+---+---+---+---+---+
Move played: a4
Light player (human) plays now
>      a   b   c   d   e   f   g   h   i   j   k
   +---+---+---+---+---+---+---+---+---+---+---+
 1 |   |   |   |   |   |   |   |   |   |   |   |
   +---+---+---+---+---+---+---+---+---+---+---+
 2 |   | L |   |   |   |   |   |   |   |   |   |
   +---+---+---+---+---+---+---+---+---+---+---+
 3 |   |   |   |   |   |   |   |   |   |   |   |
   +---+---+---+---+---+---+---+---+---+---+---+
 4 | D |   |   |   |   |   |   |   |   |   |   |
   +---+---+---+---+---+---+---+---+---+---+---+
 5 |   |   |   |   |   |   | L |   |   |   |   |
   +---+---+---+---+---+---+---+---+---+---+---+
 6 |   |   | D |   | L |   | D |   |   |   |   |
   +---+---+---+---+---+---+---+---+---+---+---+
 7 |   |   |   | L |   | D | D |   |   |   |   |
   +---+---+---+---+---+---+---+---+---+---+---+
 8 |   |   |   |   | L |   | D | L |   |   |   |
   +---+---+---+---+---+---+---+---+---+---+---+
 9 |   |   |   |   |   | L | D | D |   |   |   |
   +---+---+---+---+---+---+---+---+---+---+---+
10 |   |   |   |   |   | L | L | D | L |   |   |
   +---+---+---+---+---+---+---+---+---+---+---+
11 |   |   |   |   |   |   |   | D |   |   |   |
   +---+---+---+---+---+---+---+---+---+---+---+
Move played: e6
Dark player (COM) plays now
Dark player (COM) is calculating its next move... (this might take up to 30 seconds)
     a   b   c   d   e   f   g   h   i   j   k
   +---+---+---+---+---+---+---+---+---+---+---+
 1 |   |   |   |   |   |   |   |   |   |   |   |
   +---+---+---+---+---+---+---+---+---+---+---+
 2 |   | L |   |   |   |   |   |   |   |   |   |
   +---+---+---+---+---+---+---+---+---+---+---+
 3 |   |   |   |   |   |   |   |   |   |   |   |
   +---+---+---+---+---+---+---+---+---+---+---+
 4 | D |   |   |   |   |   |   |   |   |   |   |
   +---+---+---+---+---+---+---+---+---+---+---+
 5 |   | D |   |   |   |   | L |   |   |   |   |
   +---+---+---+---+---+---+---+---+---+---+---+
 6 |   |   | D |   | L |   | D |   |   |   |   |
   +---+---+---+---+---+---+---+---+---+---+---+
 7 |   |   |   | L |   | D | D |   |   |   |   |
   +---+---+---+---+---+---+---+---+---+---+---+
 8 |   |   |   |   | L |   | D | L |   |   |   |
   +---+---+---+---+---+---+---+---+---+---+---+
 9 |   |   |   |   |   | L | D | D |   |   |   |
   +---+---+---+---+---+---+---+---+---+---+---+
10 |   |   |   |   |   | L | L | D | L |   |   |
   +---+---+---+---+---+---+---+---+---+---+---+
11 |   |   |   |   |   |   |   | D |   |   |   |
   +---+---+---+---+---+---+---+---+---+---+---+
Move played: b5
Light player (human) plays now
>      a   b   c   d   e   f   g   h   i   j   k
   +---+---+---+---+---+---+---+---+---+---+---+
 1 |   |   |   |   |   |   |   |   |   |   |   |
   +---+---+---+---+---+---+---+---+---+---+---+
 2 |   | L |   |   |   |   |   |   |   |   |   |
   +---+---+---+---+---+---+---+---+---+---+---+
 3 |   |   |   |   |   |   |   |   |   |   |   |
   +---+---+---+---+---+---+---+---+---+---+---+
 4 | D |   |   |   |   |   |   |   |   |   |   |
   +---+---+---+---+---+---+---+---+---+---+---+
 5 |   | D |   |   |   |   | L |   |   |   |   |
   +---+---+---+---+---+---+---+---+---+---+---+
 6 |   |   | D |   | L |   | D |   |   |   |   |
   +---+---+---+---+---+---+---+---+---+---+---+
 7 |   |   |   | L | L | D | D |   |   |   |   |
   +---+---+---+---+---+---+---+---+---+---+---+
 8 |   |   |   |   | L |   | D | L |   |   |   |
   +---+---+---+---+---+---+---+---+---+---+---+
 9 |   |   |   |   |   | L | D | D |   |   |   |
   +---+---+---+---+---+---+---+---+---+---+---+
10 |   |   |   |   |   | L | L | D | L |   |   |
   +---+---+---+---+---+---+---+---+---+---+---+
11 |   |   |   |   |   |   |   | D |   |   |   |
   +---+---+---+---+---+---+---+---+---+---+---+
Move played: e7
Dark player (COM) plays now
Dark player (COM) is calculating its next move... (this might take up to 30 seconds)
     a   b   c   d   e   f   g   h   i   j   k
   +---+---+---+---+---+---+---+---+---+---+---+
 1 |   |   |   |   |   |   |   |   |   |   |   |
   +---+---+---+---+---+---+---+---+---+---+---+
 2 |   | L |   |   |   |   |   |   |   |   |   |
   +---+---+---+---+---+---+---+---+---+---+---+
 3 |   |   |   |   |   |   |   |   |   |   |   |
   +---+---+---+---+---+---+---+---+---+---+---+
 4 | D |   |   |   |   |   |   |   |   |   |   |
   +---+---+---+---+---+---+---+---+---+---+---+
 5 |   | D |   |   | D |   | L |   |   |   |   |
   +---+---+---+---+---+---+---+---+---+---+---+
 6 |   |   | D |   | L |   | D |   |   |   |   |
   +---+---+---+---+---+---+---+---+---+---+---+
 7 |   |   |   | L | L | D | D |   |   |   |   |
   +---+---+---+---+---+---+---+---+---+---+---+
 8 |   |   |   |   | L |   | D | L |   |   |   |
   +---+---+---+---+---+---+---+---+---+---+---+
 9 |   |   |   |   |   | L | D | D |   |   |   |
   +---+---+---+---+---+---+---+---+---+---+---+
10 |   |   |   |   |   | L | L | D | L |   |   |
   +---+---+---+---+---+---+---+---+---+---+---+
11 |   |   |   |   |   |   |   | D |   |   |   |
   +---+---+---+---+---+---+---+---+---+---+---+
Move played: e5
Light player (human) plays now
>      a   b   c   d   e   f   g   h   i   j   k
   +---+---+---+---+---+---+---+---+---+---+---+
 1 |   |   |   |   |   |   |   |   |   |   |   |
   +---+---+---+---+---+---+---+---+---+---+---+
 2 |   | L |   |   |   |   |   |   |   |   |   |
   +---+---+---+---+---+---+---+---+---+---+---+
 3 |   |   |   |   |   |   |   |   |   |   |   |
   +---+---+---+---+---+---+---+---+---+---+---+
 4 | D |   |   |   |   |   |   |   |   |   |   |
   +---+---+---+---+---+---+---+---+---+---+---+
 5 |   | D |   |   | D | L | L |   |   |   |   |
   +---+---+---+---+---+---+---+---+---+---+---+
 6 |   |   | D |   | L |   | D |   |   |   |   |
   +---+---+---+---+---+---+---+---+---+---+---+
 7 |   |   |   | L | L | D | D |   |   |   |   |
   +---+---+---+---+---+---+---+---+---+---+---+
 8 |   |   |   |   | L |   | D | L |   |   |   |
   +---+---+---+---+---+---+---+---+---+---+---+
 9 |   |   |   |   |   | L | D | D |   |   |   |
   +---+---+---+---+---+---+---+---+---+---+---+
10 |   |   |   |   |   | L | L | D | L |   |   |
   +---+---+---+---+---+---+---+---+---+---+---+
11 |   |   |   |   |   |   |   | D |   |   |   |
   +---+---+---+---+---+---+---+---+---+---+---+
Move played: f5
Dark player (COM) plays now
Dark player (COM) is calculating its next move... (this might take up to 30 seconds)
     a   b   c   d   e   f   g   h   i   j   k
   +---+---+---+---+---+---+---+---+---+---+---+
 1 |   |   |   |   |   |   |   |   |   |   |   |
   +---+---+---+---+---+---+---+---+---+---+---+
 2 |   | L |   |   |   |   |   |   |   |   |   |
   +---+---+---+---+---+---+---+---+---+---+---+
 3 |   |   |   |   |   |   |   |   |   |   |   |
   +---+---+---+---+---+---+---+---+---+---+---+
 4 | D |   |   |   |   |   |   |   |   |   |   |
   +---+---+---+---+---+---+---+---+---+---+---+
 5 |   | D |   |   | D | L | L |   |   |   |   |
   +---+---+---+---+---+---+---+---+---+---+---+
 6 |   |   | D |   | L |   | D |   |   |   |   |
   +---+---+---+---+---+---+---+---+---+---+---+
 7 |   |   |   | L | L | D | D |   |   |   |   |
   +---+---+---+---+---+---+---+---+---+---+---+
 8 |   |   | D |   | L |   | D | L |   |   |   |
   +---+---+---+---+---+---+---+---+---+---+---+
 9 |   |   |   |   |   | L | D | D |   |   |   |
   +---+---+---+---+---+---+---+---+---+---+---+
10 |   |   |   |   |   | L | L | D | L |   |   |
   +---+---+---+---+---+---+---+---+---+---+---+
11 |   |   |   |   |   |   |   | D |   |   |   |
   +---+---+---+---+---+---+---+---+---+---+---+
Move played: c8
Light player (human) plays now
>      a   b   c   d   e   f   g   h   i   j   k
   +---+---+---+---+---+---+---+---+---+---+---+
 1 |   |   |   |   |   |   |   |   |   |   |   |
   +---+---+---+---+---+---+---+---+---+---+---+
 2 |   | L |   |   |   |   |   |   |   |   |   |
   +---+---+---+---+---+---+---+---+---+---+---+
 3 |   |   |   |   |   |   |   |   |   |   |   |
   +---+---+---+---+---+---+---+---+---+---+---+
 4 | D |   |   |   |   |   |   |   |   |   |   |
   +---+---+---+---+---+---+---+---+---+---+---+
 5 |   | D |   |   | D | L | L |   |   |   |   |
   +---+---+---+---+---+---+---+---+---+---+---+
 6 |   |   | D |   | L |   | D |   |   |   |   |
   +---+---+---+---+---+---+---+---+---+---+---+
 7 |   |   |   | L | L | D | D |   |   |   |   |
   +---+---+---+---+---+---+---+---+---+---+---+
 8 |   |   | D |   | L |   | D | L |   |   |   |
   +---+---+---+---+---+---+---+---+---+---+---+
 9 |   |   |   |   |   | L | D | D |   |   |   |
   +---+---+---+---+---+---+---+---+---+---+---+
10 |   |   |   |   | L | L | L | D | L |   |   |
   +---+---+---+---+---+---+---+---+---+---+---+
11 |   |   |   |   |   |   |   | D |   |   |   |
   +---+---+---+---+---+---+---+---+---+---+---+
Move played: e10
Dark player (COM) plays now
Dark player (COM) is calculating its next move... (this might take up to 30 seconds)
     a   b   c   d   e   f   g   h   i   j   k
   +---+---+---+---+---+---+---+---+---+---+---+
 1 |   |   |   |   |   |   |   |   |   |   |   |
   +---+---+---+---+---+---+---+---+---+---+---+
 2 |   | L |   |   |   |   |   |   |   |   |   |
   +---+---+---+---+---+---+---+---+---+---+---+
 3 |   |   |   |   |   |   |   |   |   |   |   |
   +---+---+---+---+---+---+---+---+---+---+---+
 4 | D |   |   |   |   |   |   |   |   |   |   |
   +---+---+---+---+---+---+---+---+---+---+---+
 5 |   | D |   |   | D | L | L |   |   |   |   |
   +---+---+---+---+---+---+---+---+---+---+---+
 6 |   |   | D |   | L |   | D |   |   |   |   |
   +---+---+---+---+---+---+---+---+---+---+---+
 7 |   |   |   | L | L | D | D |   |   |   |   |
   +---+---+---+---+---+---+---+---+---+---+---+
 8 |   |   | D |   | L |   | D | L |   |   |   |
   +---+---+---+---+---+---+---+---+---+---+---+
 9 |   |   |   |   | D | L | D | D |   |   |   |
   +---+---+---+---+---+---+---+---+---+---+---+
10 |   |   |   |   | L | L | L | D | L |   |   |
   +---+---+---+---+---+---+---+---+---+---+---+
11 |   |   |   |   |   |   |   | D |   |   |   |
   +---+---+---+---+---+---+---+---+---+---+---+
Move played: e9
Light player (human) plays now
>      a   b   c   d   e   f   g   h   i   j   k
   +---+---+---+---+---+---+---+---+---+---+---+
 1 |   |   |   |   |   |   |   |   |   |   |   |
   +---+---+---+---+---+---+---+---+---+---+---+
 2 |   | L |   |   |   |   |   |   |   |   |   |
   +---+---+---+---+---+---+---+---+---+---+---+
 3 |   |   |   |   |   |   |   |   |   |   |   |
   +---+---+---+---+---+---+---+---+---+---+---+
 4 | D |   |   |   |   |   |   |   |   |   |   |
   +---+---+---+---+---+---+---+---+---+---+---+
 5 |   | D |   |   | D | L | L |   |   |   |   |
   +---+---+---+---+---+---+---+---+---+---+---+
 6 |   |   | D |   | L | L | D |   |   |   |   |
   +---+---+---+---+---+---+---+---+---+---+---+
 7 |   |   |   | L | L | D | D |   |   |   |   |
   +---+---+---+---+---+---+---+---+---+---+---+
 8 |   |   | D |   | L |   | D | L |   |   |   |
   +---+---+---+---+---+---+---+---+---+---+---+
 9 |   |   |   |   | D | L | D | D |   |   |   |
   +---+---+---+---+---+---+---+---+---+---+---+
10 |   |   |   |   | L | L | L | D | L |   |   |
   +---+---+---+---+---+---+---+---+---+---+---+
11 |   |   |   |   |   |   |   | D |   |   |   |
   +---+---+---+---+---+---+---+---+---+---+---+
Move played: f6
Dark player (COM) plays now
Dark player (COM) is calculating its next move... (this might take up to 30 seconds)
     a   b   c   d   e   f   g   h   i   j   k
   +---+---+---+---+---+---+---+---+---+---+---+
 1 |   |   |   |   |   |   |   |   |   |   |   |
   +---+---+---+---+---+---+---+---+---+---+---+
 2 |   | L |   |   |   |   |   |   |   |   |   |
   +---+---+---+---+---+---+---+---+---+---+---+
 3 |   |   |   |   |   |   |   |   |   |   |   |
   +---+---+---+---+---+---+---+---+---+---+---+
 4 | D |   |   |   |   |   |   |   |   |   |   |
   +---+---+---+---+---+---+---+---+---+---+---+
 5 |   | D |   |   | D | L | L |   |   |   |   |
   +---+---+---+---+---+---+---+---+---+---+---+
 6 |   |   | D |   | L | L | D |   |   |   |   |
   +---+---+---+---+---+---+---+---+---+---+---+
 7 |   |   |   | L | L | D | D |   |   |   |   |
   +---+---+---+---+---+---+---+---+---+---+---+
 8 |   |   | D | D | L |   | D | L |   |   |   |
   +---+---+---+---+---+---+---+---+---+---+---+
 9 |   |   |   |   | D | L | D | D |   |   |   |
   +---+---+---+---+---+---+---+---+---+---+---+
10 |   |   |   |   | L | L | L | D | L |   |   |
   +---+---+---+---+---+---+---+---+---+---+---+
11 |   |   |   |   |   |   |   | D |   |   |   |
   +---+---+---+---+---+---+---+---+---+---+---+
Move played: d8
Light player (human) plays now
>      a   b   c   d   e   f   g   h   i   j   k
   +---+---+---+---+---+---+---+---+---+---+---+
 1 |   |   |   |   |   |   |   |   |   |   |   |
   +---+---+---+---+---+---+---+---+---+---+---+
 2 |   | L |   |   |   |   |   |   |   |   |   |
   +---+---+---+---+---+---+---+---+---+---+---+
 3 |   |   |   |   |   |   |   |   |   |   |   |
   +---+---+---+---+---+---+---+---+---+---+---+
 4 | D |   |   |   |   |   |   |   |   |   |   |
   +---+---+---+---+---+---+---+---+---+---+---+
 5 |   | D |   |   | D | L | L |   |   |   |   |
   +---+---+---+---+---+---+---+---+---+---+---+
 6 |   |   | D |   | L | L | D |   |   |   |   |
   +---+---+---+---+---+---+---+---+---+---+---+
 7 |   |   |   | L | L | D | D |   |   |   |   |
   +---+---+---+---+---+---+---+---+---+---+---+
 8 |   |   | D | D | L |   | D | L |   |   |   |
   +---+---+---+---+---+---+---+---+---+---+---+
 9 |   |   |   |   | D | L | D | D |   |   |   |
   +---+---+---+---+---+---+---+---+---+---+---+
10 |   |   |   | L | L | L | L | D | L |   |   |
   +---+---+---+---+---+---+---+---+---+---+---+
11 |   |   |   |   |   |   |   | D |   |   |   |
   +---+---+---+---+---+---+---+---+---+---+---+
Move played: d10
Dark player (COM) plays now
Dark player (COM) is calculating its next move... (this might take up to 30 seconds)
     a   b   c   d   e   f   g   h   i   j   k
   +---+---+---+---+---+---+---+---+---+---+---+
 1 |   |   |   |   |   |   |   |   |   |   |   |
   +---+---+---+---+---+---+---+---+---+---+---+
 2 |   | L |   |   |   |   |   |   |   |   |   |
   +---+---+---+---+---+---+---+---+---+---+---+
 3 |   |   |   |   |   |   |   |   |   |   |   |
   +---+---+---+---+---+---+---+---+---+---+---+
 4 | D |   |   |   |   |   |   |   |   |   |   |
   +---+---+---+---+---+---+---+---+---+---+---+
 5 |   | D |   |   | D | L | L |   |   |   |   |
   +---+---+---+---+---+---+---+---+---+---+---+
 6 |   |   | D |   | L | L | D |   |   |   |   |
   +---+---+---+---+---+---+---+---+---+---+---+
 7 |   |   |   | L | L | D | D |   |   |   |   |
   +---+---+---+---+---+---+---+---+---+---+---+
 8 |   |   | D | D | L |   | D | L |   |   |   |
   +---+---+---+---+---+---+---+---+---+---+---+
 9 |   |   |   |   | D | L | D | D |   |   |   |
   +---+---+---+---+---+---+---+---+---+---+---+
10 |   |   | D | L | L | L | L | D | L |   |   |
   +---+---+---+---+---+---+---+---+---+---+---+
11 |   |   |   |   |   |   |   | D |   |   |   |
   +---+---+---+---+---+---+---+---+---+---+---+
Move played: c10
Light player (human) plays now
>      a   b   c   d   e   f   g   h   i   j   k
   +---+---+---+---+---+---+---+---+---+---+---+
 1 |   |   |   |   |   |   |   |   |   |   |   |
   +---+---+---+---+---+---+---+---+---+---+---+
 2 |   | L |   |   |   |   |   |   |   |   |   |
   +---+---+---+---+---+---+---+---+---+---+---+
 3 |   |   |   |   |   |   |   |   |   |   |   |
   +---+---+---+---+---+---+---+---+---+---+---+
 4 | D |   |   |   |   |   |   |   |   |   |   |
   +---+---+---+---+---+---+---+---+---+---+---+
 5 |   | D |   |   | D | L | L |   |   |   |   |
   +---+---+---+---+---+---+---+---+---+---+---+
 6 |   |   | D |   | L | L | D |   |   |   |   |
   +---+---+---+---+---+---+---+---+---+---+---+
 7 |   |   | L | L | L | D | D |   |   |   |   |
   +---+---+---+---+---+---+---+---+---+---+---+
 8 |   |   | D | D | L |   | D | L |   |   |   |
   +---+---+---+---+---+---+---+---+---+---+---+
 9 |   |   |   |   | D | L | D | D |   |   |   |
   +---+---+---+---+---+---+---+---+---+---+---+
10 |   |   | D | L | L | L | L | D | L |   |   |
   +---+---+---+---+---+---+---+---+---+---+---+
11 |   |   |   |   |   |   |   | D |   |   |   |
   +---+---+---+---+---+---+---+---+---+---+---+
Move played: c7
Dark player (COM) plays now
Dark player (COM) is calculating its next move... (this might take up to 30 seconds)
     a   b   c   d   e   f   g   h   i   j   k
   +---+---+---+---+---+---+---+---+---+---+---+
 1 |   |   |   |   |   |   |   |   |   |   |   |
   +---+---+---+---+---+---+---+---+---+---+---+
 2 |   | L |   |   |   |   |   |   |   |   |   |
   +---+---+---+---+---+---+---+---+---+---+---+
 3 |   |   |   |   |   |   |   |   |   |   |   |
   +---+---+---+---+---+---+---+---+---+---+---+
 4 | D |   |   |   |   |   |   |   |   |   |   |
   +---+---+---+---+---+---+---+---+---+---+---+
 5 |   | D |   |   | D | L | L |   |   |   |   |
   +---+---+---+---+---+---+---+---+---+---+---+
 6 |   |   | D |   | L | L | D |   |   |   |   |
   +---+---+---+---+---+---+---+---+---+---+---+
 7 |   |   | L | L | L | D | D |   |   |   |   |
   +---+---+---+---+---+---+---+---+---+---+---+
 8 |   |   | D | D | L |   | D | L |   |   |   |
   +---+---+---+---+---+---+---+---+---+---+---+
 9 |   |   |   |   | D | L | D | D |   |   |   |
   +---+---+---+---+---+---+---+---+---+---+---+
10 |   | D | D | L | L | L | L | D | L |   |   |
   +---+---+---+---+---+---+---+---+---+---+---+
11 |   |   |   |   |   |   |   | D |   |   |   |
   +---+---+---+---+---+---+---+---+---+---+---+
Move played: b10
Light player (human) plays now
>      a   b   c   d   e   f   g   h   i   j   k
   +---+---+---+---+---+---+---+---+---+---+---+
 1 |   |   |   |   |   |   |   |   |   |   |   |
   +---+---+---+---+---+---+---+---+---+---+---+
 2 |   | L |   |   |   |   |   |   |   |   |   |
   +---+---+---+---+---+---+---+---+---+---+---+
 3 |   |   |   |   |   |   |   |   |   |   |   |
   +---+---+---+---+---+---+---+---+---+---+---+
 4 | D |   |   |   |   | L |   |   |   |   |   |
   +---+---+---+---+---+---+---+---+---+---+---+
 5 |   | D |   |   | D | L | L |   |   |   |   |
   +---+---+---+---+---+---+---+---+---+---+---+
 6 |   |   | D |   | L | L | D |   |   |   |   |
   +---+---+---+---+---+---+---+---+---+---+---+
 7 |   |   | L | L | L | D | D |   |   |   |   |
   +---+---+---+---+---+---+---+---+---+---+---+
 8 |   |   | D | D | L |   | D | L |   |   |   |
   +---+---+---+---+---+---+---+---+---+---+---+
 9 |   |   |   |   | D | L | D | D |   |   |   |
   +---+---+---+---+---+---+---+---+---+---+---+
10 |   | D | D | L | L | L | L | D | L |   |   |
   +---+---+---+---+---+---+---+---+---+---+---+
11 |   |   |   |   |   |   |   | D |   |   |   |
   +---+---+---+---+---+---+---+---+---+---+---+
Move played: f4
Dark player (COM) plays now
Dark player (COM) is calculating its next move... (this might take up to 30 seconds)
     a   b   c   d   e   f   g   h   i   j   k
   +---+---+---+---+---+---+---+---+---+---+---+
 1 |   |   |   |   |   |   |   |   |   |   |   |
   +---+---+---+---+---+---+---+---+---+---+---+
 2 |   | L |   |   |   |   |   |   |   |   |   |
   +---+---+---+---+---+---+---+---+---+---+---+
 3 |   |   |   |   |   |   |   |   |   |   |   |
   +---+---+---+---+---+---+---+---+---+---+---+
 4 | D |   |   |   |   | L |   |   |   |   |   |
   +---+---+---+---+---+---+---+---+---+---+---+
 5 |   | D |   |   | D | L | L |   |   |   |   |
   +---+---+---+---+---+---+---+---+---+---+---+
 6 |   |   | D |   | L | L | D |   |   |   |   |
   +---+---+---+---+---+---+---+---+---+---+---+
 7 |   |   | L | L | L | D | D |   |   |   |   |
   +---+---+---+---+---+---+---+---+---+---+---+
 8 |   |   | D | D | L |   | D | L |   |   |   |
   +---+---+---+---+---+---+---+---+---+---+---+
 9 |   |   |   |   | D | L | D | D |   |   |   |
   +---+---+---+---+---+---+---+---+---+---+---+
10 | D | D | D | L | L | L | L | D | L |   |   |
   +---+---+---+---+---+---+---+---+---+---+---+
11 |   |   |   |   |   |   |   | D |   |   |   |
   +---+---+---+---+---+---+---+---+---+---+---+
Move played: a10
Light player (human) plays now
>      a   b   c   d   e   f   g   h   i   j   k
   +---+---+---+---+---+---+---+---+---+---+---+
 1 |   |   |   |   |   |   |   |   |   |   |   |
   +---+---+---+---+---+---+---+---+---+---+---+
 2 |   | L |   |   |   |   |   |   |   |   |   |
   +---+---+---+---+---+---+---+---+---+---+---+
 3 |   |   |   |   |   |   |   |   |   |   |   |
   +---+---+---+---+---+---+---+---+---+---+---+
 4 | D |   |   |   |   | L |   |   |   |   |   |
   +---+---+---+---+---+---+---+---+---+---+---+
 5 |   | D |   |   | D | L | L |   |   |   |   |
   +---+---+---+---+---+---+---+---+---+---+---+
 6 |   |   | D |   | L | L | D | L |   |   |   |
   +---+---+---+---+---+---+---+---+---+---+---+
 7 |   |   | L | L | L | D | D |   |   |   |   |
   +---+---+---+---+---+---+---+---+---+---+---+
 8 |   |   | D | D | L |   | D | L |   |   |   |
   +---+---+---+---+---+---+---+---+---+---+---+
 9 |   |   |   |   | D | L | D | D |   |   |   |
   +---+---+---+---+---+---+---+---+---+---+---+
10 | D | D | D | L | L | L | L | D | L |   |   |
   +---+---+---+---+---+---+---+---+---+---+---+
11 |   |   |   |   |   |   |   | D |   |   |   |
   +---+---+---+---+---+---+---+---+---+---+---+
Move played: h6
Dark player (COM) plays now
Dark player (COM) is calculating its next move... (this might take up to 30 seconds)
     a   b   c   d   e   f   g   h   i   j   k
   +---+---+---+---+---+---+---+---+---+---+---+
 1 |   |   |   |   |   |   |   |   |   |   |   |
   +---+---+---+---+---+---+---+---+---+---+---+
 2 |   | L |   |   |   |   |   |   |   |   |   |
   +---+---+---+---+---+---+---+---+---+---+---+
 3 |   |   |   |   | D |   |   |   |   |   |   |
   +---+---+---+---+---+---+---+---+---+---+---+
 4 | D |   |   |   |   | L |   |   |   |   |   |
   +---+---+---+---+---+---+---+---+---+---+---+
 5 |   | D |   |   | D | L | L |   |   |   |   |
   +---+---+---+---+---+---+---+---+---+---+---+
 6 |   |   | D |   | L | L | D | L |   |   |   |
   +---+---+---+---+---+---+---+---+---+---+---+
 7 |   |   | L | L | L | D | D |   |   |   |   |
   +---+---+---+---+---+---+---+---+---+---+---+
 8 |   |   | D | D | L |   | D | L |   |   |   |
   +---+---+---+---+---+---+---+---+---+---+---+
 9 |   |   |   |   | D | L | D | D |   |   |   |
   +---+---+---+---+---+---+---+---+---+---+---+
10 | D | D | D | L | L | L | L | D | L |   |   |
   +---+---+---+---+---+---+---+---+---+---+---+
11 |   |   |   |   |   |   |   | D |   |   |   |
   +---+---+---+---+---+---+---+---+---+---+---+
Move played: e3
Light player (human) plays now
>      a   b   c   d   e   f   g   h   i   j   k
   +---+---+---+---+---+---+---+---+---+---+---+
 1 |   |   |   |   |   |   |   |   |   |   |   |
   +---+---+---+---+---+---+---+---+---+---+---+
 2 |   | L |   |   |   |   |   |   |   |   |   |
   +---+---+---+---+---+---+---+---+---+---+---+
 3 |   |   |   |   | D |   |   |   |   |   |   |
   +---+---+---+---+---+---+---+---+---+---+---+
 4 | D |   |   |   |   | L |   |   |   |   |   |
   +---+---+---+---+---+---+---+---+---+---+---+
 5 |   | D |   |   | D | L | L | L |   |   |   |
   +---+---+---+---+---+---+---+---+---+---+---+
 6 |   |   | D |   | L | L | D | L |   |   |   |
   +---+---+---+---+---+---+---+---+---+---+---+
 7 |   |   | L | L | L | D | D |   |   |   |   |
   +---+---+---+---+---+---+---+---+---+---+---+
 8 |   |   | D | D | L |   | D | L |   |   |   |
   +---+---+---+---+---+---+---+---+---+---+---+
 9 |   |   |   |   | D | L | D | D |   |   |   |
   +---+---+---+---+---+---+---+---+---+---+---+
10 | D | D | D | L | L | L | L | D | L |   |   |
   +---+---+---+---+---+---+---+---+---+---+---+
11 |   |   |   |   |   |   |   | D |   |   |   |
   +---+---+---+---+---+---+---+---+---+---+---+
Move played: h5
Dark player (COM) plays now
Dark player (COM) is calculating its next move... (this might take up to 30 seconds)
     a   b   c   d   e   f   g   h   i   j   k
   +---+---+---+---+---+---+---+---+---+---+---+
 1 |   |   |   |   |   |   |   |   |   |   |   |
   +---+---+---+---+---+---+---+---+---+---+---+
 2 |   | L |   |   |   |   |   |   |   |   |   |
   +---+---+---+---+---+---+---+---+---+---+---+
 3 |   |   |   |   | D |   |   |   | D |   |   |
   +---+---+---+---+---+---+---+---+---+---+---+
 4 | D |   |   |   |   | L |   |   |   |   |   |
   +---+---+---+---+---+---+---+---+---+---+---+
 5 |   | D |   |   | D | L | L | L |   |   |   |
   +---+---+---+---+---+---+---+---+---+---+---+
 6 |   |   | D |   | L | L | D | L |   |   |   |
   +---+---+---+---+---+---+---+---+---+---+---+
 7 |   |   | L | L | L | D | D |   |   |   |   |
   +---+---+---+---+---+---+---+---+---+---+---+
 8 |   |   | D | D | L |   | D | L |   |   |   |
   +---+---+---+---+---+---+---+---+---+---+---+
 9 |   |   |   |   | D | L | D | D |   |   |   |
   +---+---+---+---+---+---+---+---+---+---+---+
10 | D | D | D | L | L | L | L | D | L |   |   |
   +---+---+---+---+---+---+---+---+---+---+---+
11 |   |   |   |   |   |   |   | D |   |   |   |
   +---+---+---+---+---+---+---+---+---+---+---+
Move played: i3
Light player (human) plays now
>      a   b   c   d   e   f   g   h   i   j   k
   +---+---+---+---+---+---+---+---+---+---+---+
 1 |   |   |   |   |   |   |   |   |   |   |   |
   +---+---+---+---+---+---+---+---+---+---+---+
 2 |   | L |   |   |   |   |   |   |   |   |   |
   +---+---+---+---+---+---+---+---+---+---+---+
 3 |   |   |   |   | D |   |   | L | D |   |   |
   +---+---+---+---+---+---+---+---+---+---+---+
 4 | D |   |   |   |   | L |   |   |   |   |   |
   +---+---+---+---+---+---+---+---+---+---+---+
 5 |   | D |   |   | D | L | L | L |   |   |   |
   +---+---+---+---+---+---+---+---+---+---+---+
 6 |   |   | D |   | L | L | D | L |   |   |   |
   +---+---+---+---+---+---+---+---+---+---+---+
 7 |   |   | L | L | L | D | D |   |   |   |   |
   +---+---+---+---+---+---+---+---+---+---+---+
 8 |   |   | D | D | L |   | D | L |   |   |   |
   +---+---+---+---+---+---+---+---+---+---+---+
 9 |   |   |   |   | D | L | D | D |   |   |   |
   +---+---+---+---+---+---+---+---+---+---+---+
10 | D | D | D | L | L | L | L | D | L |   |   |
   +---+---+---+---+---+---+---+---+---+---+---+
11 |   |   |   |   |   |   |   | D |   |   |   |
   +---+---+---+---+---+---+---+---+---+---+---+
Move played: h3
Dark player (COM) plays now
Dark player (COM) is calculating its next move... (this might take up to 30 seconds)
     a   b   c   d   e   f   g   h   i   j   k
   +---+---+---+---+---+---+---+---+---+---+---+
 1 |   |   |   |   |   |   |   |   |   |   |   |
   +---+---+---+---+---+---+---+---+---+---+---+
 2 |   | L |   |   |   |   |   |   |   |   |   |
   +---+---+---+---+---+---+---+---+---+---+---+
 3 |   |   |   |   | D |   |   | L | D |   |   |
   +---+---+---+---+---+---+---+---+---+---+---+
 4 | D |   |   |   |   | L | D |   |   |   |   |
   +---+---+---+---+---+---+---+---+---+---+---+
 5 |   | D |   |   | D | L | L | L |   |   |   |
   +---+---+---+---+---+---+---+---+---+---+---+
 6 |   |   | D |   | L | L | D | L |   |   |   |
   +---+---+---+---+---+---+---+---+---+---+---+
 7 |   |   | L | L | L | D | D |   |   |   |   |
   +---+---+---+---+---+---+---+---+---+---+---+
 8 |   |   | D | D | L |   | D | L |   |   |   |
   +---+---+---+---+---+---+---+---+---+---+---+
 9 |   |   |   |   | D | L | D | D |   |   |   |
   +---+---+---+---+---+---+---+---+---+---+---+
10 | D | D | D | L | L | L | L | D | L |   |   |
   +---+---+---+---+---+---+---+---+---+---+---+
11 |   |   |   |   |   |   |   | D |   |   |   |
   +---+---+---+---+---+---+---+---+---+---+---+
Move played: g4
Light player (human) plays now
>      a   b   c   d   e   f   g   h   i   j   k
   +---+---+---+---+---+---+---+---+---+---+---+
 1 |   |   |   |   |   |   |   |   |   |   |   |
   +---+---+---+---+---+---+---+---+---+---+---+
 2 |   | L |   |   |   |   |   |   |   |   |   |
   +---+---+---+---+---+---+---+---+---+---+---+
 3 |   |   |   |   | D |   |   | L | D |   |   |
   +---+---+---+---+---+---+---+---+---+---+---+
 4 | D |   |   |   |   | L | D |   |   |   |   |
   +---+---+---+---+---+---+---+---+---+---+---+
 5 |   | D |   |   | D | L | L | L |   |   |   |
   +---+---+---+---+---+---+---+---+---+---+---+
 6 |   |   | D |   | L | L | D | L |   |   |   |
   +---+---+---+---+---+---+---+---+---+---+---+
 7 |   | L | L | L | L | D | D |   |   |   |   |
   +---+---+---+---+---+---+---+---+---+---+---+
 8 |   |   | D | D | L |   | D | L |   |   |   |
   +---+---+---+---+---+---+---+---+---+---+---+
 9 |   |   |   |   | D | L | D | D |   |   |   |
   +---+---+---+---+---+---+---+---+---+---+---+
10 | D | D | D | L | L | L | L | D | L |   |   |
   +---+---+---+---+---+---+---+---+---+---+---+
11 |   |   |   |   |   |   |   | D |   |   |   |
   +---+---+---+---+---+---+---+---+---+---+---+
Move played: b7
Dark player (COM) plays now
Dark player (COM) is calculating its next move... (this might take up to 30 seconds)
     a   b   c   d   e   f   g   h   i   j   k
   +---+---+---+---+---+---+---+---+---+---+---+
 1 |   |   |   |   |   |   |   |   |   |   |   |
   +---+---+---+---+---+---+---+---+---+---+---+
 2 |   | L |   |   |   |   |   |   |   |   |   |
   +---+---+---+---+---+---+---+---+---+---+---+
 3 |   |   |   |   | D |   |   | L | D |   |   |
   +---+---+---+---+---+---+---+---+---+---+---+
 4 | D |   |   |   |   | L | D |   |   |   |   |
   +---+---+---+---+---+---+---+---+---+---+---+
 5 |   | D |   |   | D | L | L | L |   |   |   |
   +---+---+---+---+---+---+---+---+---+---+---+
 6 |   |   | D |   | L | L | D | L |   |   |   |
   +---+---+---+---+---+---+---+---+---+---+---+
 7 | D | L | L | L | L | D | D |   |   |   |   |
   +---+---+---+---+---+---+---+---+---+---+---+
 8 |   |   | D | D | L |   | D | L |   |   |   |
   +---+---+---+---+---+---+---+---+---+---+---+
 9 |   |   |   |   | D | L | D | D |   |   |   |
   +---+---+---+---+---+---+---+---+---+---+---+
10 | D | D | D | L | L | L | L | D | L |   |   |
   +---+---+---+---+---+---+---+---+---+---+---+
11 |   |   |   |   |   |   |   | D |   |   |   |
   +---+---+---+---+---+---+---+---+---+---+---+
Move played: a7
Light player (human) plays now
>      a   b   c   d   e   f   g   h   i   j   k
   +---+---+---+---+---+---+---+---+---+---+---+
 1 |   |   |   |   |   |   |   |   |   |   |   |
   +---+---+---+---+---+---+---+---+---+---+---+
 2 |   | L |   |   |   |   |   |   |   |   |   |
   +---+---+---+---+---+---+---+---+---+---+---+
 3 |   |   |   |   | D |   |   | L | D |   |   |
   +---+---+---+---+---+---+---+---+---+---+---+
 4 | D |   |   |   |   | L | D |   |   |   |   |
   +---+---+---+---+---+---+---+---+---+---+---+
 5 |   | D |   |   | D | L | L | L |   | L |   |
   +---+---+---+---+---+---+---+---+---+---+---+
 6 |   |   | D |   | L | L | D | L |   |   |   |
   +---+---+---+---+---+---+---+---+---+---+---+
 7 | D | L | L | L | L | D | D |   |   |   |   |
   +---+---+---+---+---+---+---+---+---+---+---+
 8 |   |   | D | D | L |   | D | L |   |   |   |
   +---+---+---+---+---+---+---+---+---+---+---+
 9 |   |   |   |   | D | L | D | D |   |   |   |
   +---+---+---+---+---+---+---+---+---+---+---+
10 | D | D | D | L | L | L | L | D | L |   |   |
   +---+---+---+---+---+---+---+---+---+---+---+
11 |   |   |   |   |   |   |   | D |   |   |   |
   +---+---+---+---+---+---+---+---+---+---+---+
Move played: j5
Dark player (COM) plays now
Dark player (COM) is calculating its next move... (this might take up to 30 seconds)
     a   b   c   d   e   f   g   h   i   j   k
   +---+---+---+---+---+---+---+---+---+---+---+
 1 |   |   |   |   |   |   |   |   |   |   |   |
   +---+---+---+---+---+---+---+---+---+---+---+
 2 |   | L |   |   |   |   |   |   |   |   |   |
   +---+---+---+---+---+---+---+---+---+---+---+
 3 |   |   |   |   | D |   |   | L | D |   |   |
   +---+---+---+---+---+---+---+---+---+---+---+
 4 | D |   |   |   |   | L | D |   |   |   |   |
   +---+---+---+---+---+---+---+---+---+---+---+
 5 |   | D |   |   | D | L | L | L | D | L |   |
   +---+---+---+---+---+---+---+---+---+---+---+
 6 |   |   | D |   | L | L | D | L |   |   |   |
   +---+---+---+---+---+---+---+---+---+---+---+
 7 | D | L | L | L | L | D | D |   |   |   |   |
   +---+---+---+---+---+---+---+---+---+---+---+
 8 |   |   | D | D | L |   | D | L |   |   |   |
   +---+---+---+---+---+---+---+---+---+---+---+
 9 |   |   |   |   | D | L | D | D |   |   |   |
   +---+---+---+---+---+---+---+---+---+---+---+
10 | D | D | D | L | L | L | L | D | L |   |   |
   +---+---+---+---+---+---+---+---+---+---+---+
11 |   |   |   |   |   |   |   | D |   |   |   |
   +---+---+---+---+---+---+---+---+---+---+---+
Move played: i5
Light player (human) plays now
>      a   b   c   d   e   f   g   h   i   j   k
   +---+---+---+---+---+---+---+---+---+---+---+
 1 |   |   |   |   |   |   |   |   |   |   |   |
   +---+---+---+---+---+---+---+---+---+---+---+
 2 |   | L |   |   |   |   |   |   |   |   |   |
   +---+---+---+---+---+---+---+---+---+---+---+
 3 |   |   |   |   | D |   |   | L | D |   |   |
   +---+---+---+---+---+---+---+---+---+---+---+
 4 | D |   |   |   |   | L | D |   |   |   |   |
   +---+---+---+---+---+---+---+---+---+---+---+
 5 |   | D |   |   | D | L | L | L | D | L |   |
   +---+---+---+---+---+---+---+---+---+---+---+
 6 |   |   | D |   | L | L | D | L |   |   |   |
   +---+---+---+---+---+---+---+---+---+---+---+
 7 | D | L | L | L | L | D | D |   | L |   |   |
   +---+---+---+---+---+---+---+---+---+---+---+
 8 |   |   | D | D | L |   | D | L |   |   |   |
   +---+---+---+---+---+---+---+---+---+---+---+
 9 |   |   |   |   | D | L | D | D |   |   |   |
   +---+---+---+---+---+---+---+---+---+---+---+
10 | D | D | D | L | L | L | L | D | L |   |   |
   +---+---+---+---+---+---+---+---+---+---+---+
11 |   |   |   |   |   |   |   | D |   |   |   |
   +---+---+---+---+---+---+---+---+---+---+---+
Move played: i7
Dark player (COM) plays now
Dark player (COM) is calculating its next move... (this might take up to 30 seconds)
     a   b   c   d   e   f   g   h   i   j   k
   +---+---+---+---+---+---+---+---+---+---+---+
 1 |   |   |   |   |   |   |   |   |   |   |   |
   +---+---+---+---+---+---+---+---+---+---+---+
 2 |   | L |   |   |   |   |   |   |   |   |   |
   +---+---+---+---+---+---+---+---+---+---+---+
 3 |   |   |   |   | D |   |   | L | D |   |   |
   +---+---+---+---+---+---+---+---+---+---+---+
 4 | D |   |   |   |   | L | D |   |   |   |   |
   +---+---+---+---+---+---+---+---+---+---+---+
 5 |   | D |   |   | D | L | L | L | D | L |   |
   +---+---+---+---+---+---+---+---+---+---+---+
 6 |   |   | D |   | L | L | D | L |   |   |   |
   +---+---+---+---+---+---+---+---+---+---+---+
 7 | D | L | L | L | L | D | D |   | L |   |   |
   +---+---+---+---+---+---+---+---+---+---+---+
 8 |   |   | D | D | L |   | D | L |   | D |   |
   +---+---+---+---+---+---+---+---+---+---+---+
 9 |   |   |   |   | D | L | D | D |   |   |   |
   +---+---+---+---+---+---+---+---+---+---+---+
10 | D | D | D | L | L | L | L | D | L |   |   |
   +---+---+---+---+---+---+---+---+---+---+---+
11 |   |   |   |   |   |   |   | D |   |   |   |
   +---+---+---+---+---+---+---+---+---+---+---+
Move played: j8
Light player (human) plays now
>      a   b   c   d   e   f   g   h   i   j   k
   +---+---+---+---+---+---+---+---+---+---+---+
 1 |   |   |   |   |   |   |   |   |   |   |   |
   +---+---+---+---+---+---+---+---+---+---+---+
 2 |   | L |   |   |   |   |   |   |   |   |   |
   +---+---+---+---+---+---+---+---+---+---+---+
 3 |   |   |   |   | D |   |   | L | D |   |   |
   +---+---+---+---+---+---+---+---+---+---+---+
 4 | D |   |   |   |   | L | D |   |   |   |   |
   +---+---+---+---+---+---+---+---+---+---+---+
 5 |   | D |   |   | D | L | L | L | D | L |   |
   +---+---+---+---+---+---+---+---+---+---+---+
 6 |   |   | D |   | L | L | D | L |   |   |   |
   +---+---+---+---+---+---+---+---+---+---+---+
 7 | D | L | L | L | L | D | D |   | L |   |   |
   +---+---+---+---+---+---+---+---+---+---+---+
 8 |   |   | D | D | L |   | D | L |   | D |   |
   +---+---+---+---+---+---+---+---+---+---+---+
 9 |   |   |   |   | D | L | D | D | L |   |   |
   +---+---+---+---+---+---+---+---+---+---+---+
10 | D | D | D | L | L | L | L | D | L |   |   |
   +---+---+---+---+---+---+---+---+---+---+---+
11 |   |   |   |   |   |   |   | D |   |   |   |
   +---+---+---+---+---+---+---+---+---+---+---+
Move played: i9
Dark player (COM) plays now
Dark player (COM) is calculating its next move... (this might take up to 30 seconds)
     a   b   c   d   e   f   g   h   i   j   k
   +---+---+---+---+---+---+---+---+---+---+---+
 1 |   |   |   |   |   |   |   |   |   |   |   |
   +---+---+---+---+---+---+---+---+---+---+---+
 2 |   | L |   |   |   |   |   |   |   |   |   |
   +---+---+---+---+---+---+---+---+---+---+---+
 3 |   |   |   |   | D |   |   | L | D |   |   |
   +---+---+---+---+---+---+---+---+---+---+---+
 4 | D |   |   |   |   | L | D | D |   |   |   |
   +---+---+---+---+---+---+---+---+---+---+---+
 5 |   | D |   |   | D | L | L | L | D | L |   |
   +---+---+---+---+---+---+---+---+---+---+---+
 6 |   |   | D |   | L | L | D | L |   |   |   |
   +---+---+---+---+---+---+---+---+---+---+---+
 7 | D | L | L | L | L | D | D |   | L |   |   |
   +---+---+---+---+---+---+---+---+---+---+---+
 8 |   |   | D | D | L |   | D | L |   | D |   |
   +---+---+---+---+---+---+---+---+---+---+---+
 9 |   |   |   |   | D | L | D | D | L |   |   |
   +---+---+---+---+---+---+---+---+---+---+---+
10 | D | D | D | L | L | L | L | D | L |   |   |
   +---+---+---+---+---+---+---+---+---+---+---+
11 |   |   |   |   |   |   |   | D |   |   |   |
   +---+---+---+---+---+---+---+---+---+---+---+
Move played: h4
Light player (human) plays now
>      a   b   c   d   e   f   g   h   i   j   k
   +---+---+---+---+---+---+---+---+---+---+---+
 1 |   |   |   |   |   |   |   |   |   |   |   |
   +---+---+---+---+---+---+---+---+---+---+---+
 2 |   | L |   |   |   |   |   |   |   |   |   |
   +---+---+---+---+---+---+---+---+---+---+---+
 3 |   |   |   |   | D |   |   | L | D |   |   |
   +---+---+---+---+---+---+---+---+---+---+---+
 4 | D |   |   |   |   | L | D | D |   |   |   |
   +---+---+---+---+---+---+---+---+---+---+---+
 5 |   | D |   |   | D | L | L | L | D | L |   |
   +---+---+---+---+---+---+---+---+---+---+---+
 6 |   |   | D |   | L | L | D | L |   |   |   |
   +---+---+---+---+---+---+---+---+---+---+---+
 7 | D | L | L | L | L | D | D |   | L |   |   |
   +---+---+---+---+---+---+---+---+---+---+---+
 8 |   |   | D | D | L |   | D | L | L | D |   |
   +---+---+---+---+---+---+---+---+---+---+---+
 9 |   |   |   |   | D | L | D | D | L |   |   |
   +---+---+---+---+---+---+---+---+---+---+---+
10 | D | D | D | L | L | L | L | D | L |   |   |
   +---+---+---+---+---+---+---+---+---+---+---+
11 |   |   |   |   |   |   |   | D |   |   |   |
   +---+---+---+---+---+---+---+---+---+---+---+
Move played: i8
Dark player (COM) plays now
Dark player (COM) is calculating its next move... (this might take up to 30 seconds)
     a   b   c   d   e   f   g   h   i   j   k
   +---+---+---+---+---+---+---+---+---+---+---+
 1 |   |   |   |   |   |   |   |   |   |   |   |
   +---+---+---+---+---+---+---+---+---+---+---+
 2 |   | L |   |   |   |   |   |   |   |   |   |
   +---+---+---+---+---+---+---+---+---+---+---+
 3 |   |   |   |   | D |   |   | L | D |   |   |
   +---+---+---+---+---+---+---+---+---+---+---+
 4 | D |   |   |   |   | L | D | D |   |   |   |
   +---+---+---+---+---+---+---+---+---+---+---+
 5 |   | D |   |   | D | L | L | L | D | L |   |
   +---+---+---+---+---+---+---+---+---+---+---+
 6 |   |   | D |   | L | L | D | L |   |   |   |
   +---+---+---+---+---+---+---+---+---+---+---+
 7 | D | L | L | L | L | D | D |   | L |   | D |
   +---+---+---+---+---+---+---+---+---+---+---+
 8 |   |   | D | D | L |   | D | L | L | D |   |
   +---+---+---+---+---+---+---+---+---+---+---+
 9 |   |   |   |   | D | L | D | D | L |   |   |
   +---+---+---+---+---+---+---+---+---+---+---+
10 | D | D | D | L | L | L | L | D | L |   |   |
   +---+---+---+---+---+---+---+---+---+---+---+
11 |   |   |   |   |   |   |   | D |   |   |   |
   +---+---+---+---+---+---+---+---+---+---+---+
Move played: k7
