+ java -jar gobang-baseline.jar -d 2 -n 11
Size: 11, depth: 2
     a   b   c   d   e   f   g   h   i   j   k
   +---+---+---+---+---+---+---+---+---+---+---+
 1 |   |   |   |   |   |   |   |   |   |   |   |
   +---+---+---+---+---+---+---+---+---+---+---+
 2 |   |   |   |   |   |   |   |   |   |   |   |
   +---+---+---+---+---+---+---+---+---+---+---+
 3 |   |   |   |   |   |   |   |   |   |   |   |
   +---+---+---+---+---+---+---+---+---+---+---+
 4 |   |   |   |   |   |   |   |   |   |   |   |
   +---+---+---+---+---+---+---+---+---+---+---+
 5 |   |   |   |   |   |   |   |   |   |   |   |
   +---+---+---+---+---+---+---+---+---+---+---+
 6 |   |   |   |   |   |   |   |   |   |   |   |
   +---+---+---+---+---+---+---+---+---+---+---+
 7 |   |   |   |   |   |   |   |   |   |   |   |
   +---+---+---+---+---+---+---+---+---+---+---+
 8 |   |   |   |   |   |   |   |   |   |   |   |
   +---+---+---+---+---+---+---+---+---+---+---+
 9 |   |   |   |   |   |   |   |   |   |   |   |
   +---+---+---+---+---+---+---+---+---+---+---+
10 |   |   |   |   |   |   |   |   |   |   |   |
   +---+---+---+---+---+---+---+---+---+---+---+
11 |   |   |   |   |   |   |   |   |   |   |   |
   +---+---+---+---+---+---+---+---+---+---+---+
Move played: --
Dark player (human) plays now
>      a   b   c   d   e   f   g   h   i   j   k
   +---+---+---+---+---+---+---+---+---+---+---+
 1 |   |   |   |   |   |   |   |   |   |   |   |
   +---+---+---+---+---+---+---+---+---+---+---+
 2 |   |   |   |   |   |   |   |   |   |   |   |
   +---+---+---+---+---+---+---+---+---+---+---+
 3 |   |   |   |   |   |   |   |   |   |   |   |
   +---+---+---+---+---+---+---+---+---+---+---+
 4 |   |   |   |   |   |   |   |   |   |   |   |
   +---+---+---+---+---+---+---+---+---+---+---+
 5 |   |   |   |   |   |   |   |   |   |   |   |
   +---+---+---+---+---+---+---+---+---+---+---+
 6 |   |   |   |   |   | D |   |   |   |   |   |
   +---+---+---+---+---+---+---+---+---+---+---+
 7 |   |   |   |   |   |   |   |   |   |   |   |
   +---+---+---+---+---+---+---+---+---+---+---+
 8 |   |   |   |   |   |   |   |   |   |   |   |
   +---+---+---+---+---+---+---+---+---+---+---+
 9 |   |   |   |   |   |   |   |   |   |   |   |
   +---+---+---+---+---+---+---+---+---+---+---+
10 |   |   |   |   |   |   |   |   |   |   |   |
   +---+---+---+---+---+---+---+---+---+---+---+
11 |   |   |   |   |   |   |   |   |   |   |   |
   +---+---+---+---+---+---+---+---+---+---+---+
Move played: f6
Light player (COM) plays now
Light player (COM) is calculating its next move... (this might take up to 30 seconds)
     a   b   c   d   e   f   g   h   i   j   k
   +---+---+---+---+---+---+---+---+---+---+---+
 1 |   |   |   |   |   |   |   |   |   |   |   |
   +---+---+---+---+---+---+---+---+---+---+---+
 2 |   |   |   |   |   |   |   |   |   |   |   |
   +---+---+---+---+---+---+---+---+---+---+---+
 3 |   |   |   |   |   |   |   |   |   |   |   |
   +---+---+---+---+---+---+---+---+---+---+---+
 4 |   |   |   |   |   |   |   |   |   |   |   |
   +---+---+---+---+---+---+---+---+---+---+---+
 5 |   |   |   |   |   |   |   |   |   |   |   |
   +---+---+---+---+---+---+---+---+---+---+---+
 6 |   |   |   |   |   | D |   |   |   |   |   |
   +---+---+---+---+---+---+---+---+---+---+---+
 7 |   |   |   |   |   |   |   |   |   |   |   |
   +---+---+---+---+---+---+---+---+---+---+---+
 8 |   |   |   |   |   |   |   |   |   |   |   |
   +---+---+---+---+---+---+---+---+---+---+---+
 9 |   |   |   |   |   |   |   |   |   |   |   |
   +---+---+---+---+---+---+---+---+---+---+---+
10 |   |   |   |   |   |   |   |   |   |   |   |
   +---+---+---+---+---+---+---+---+---+---+---+
11 |   |   | L |   |   |   |   |   |   |   |   |
   +---+---+---+---+---+---+---+---+---+---+---+
Move played: c11
Dark player (human) plays now
>      a   b   c   d   e   f   g   h   i   j   k
   +---+---+---+---+---+---+---+---+---+---+---+
 1 |   |   |   |   |   |   |   |   |   |   |   |
   +---+---+---+---+---+---+---+---+---+---+---+
 2 |   |   |   |   |   |   |   |   |   |   |   |
   +---+---+---+---+---+---+---+---+---+---+---+
 3 |   |   |   |   |   |   |   |   |   |   |   |
   +---+---+---+---+---+---+---+---+---+---+---+
 4 |   |   |   |   |   |   |   |   |   |   |   |
   +---+---+---+---+---+---+---+---+---+---+---+
 5 |   |   |   |   | D |   |   |   |   |   |   |
   +---+---+---+---+---+---+---+---+---+---+---+
 6 |   |   |   |   |   | D |   |   |   |   |   |
   +---+---+---+---+---+---+---+---+---+---+---+
 7 |   |   |   |   |   |   |   |   |   |   |   |
   +---+---+---+---+---+---+---+---+---+---+---+
 8 |   |   |   |   |   |   |   |   |   |   |   |
   +---+---+---+---+---+---+---+---+---+---+---+
 9 |   |   |   |   |   |   |   |   |   |   |   |
   +---+---+---+---+---+---+---+---+---+---+---+
10 |   |   |   |   |   |   |   |   |   |   |   |
   +---+---+---+---+---+---+---+---+---+---+---+
11 |   |   | L |   |   |   |   |   |   |   |   |
   +---+---+---+---+---+---+---+---+---+---+---+
Move played: e5
Light player (COM) plays now
Light player (COM) is calculating its next move... (this might take up to 30 seconds)
     a   b   c   d   e   f   g   h   i   j   k
   +---+---+---+---+---+---+---+---+---+---+---+
 1 |   |   |   |   |   |   |   |   |   |   |   |
   +---+---+---+---+---+---+---+---+---+---+---+
 2 |   |   |   |   |   |   |   |   |   |   |   |
   +---+---+---+---+---+---+---+---+---+---+---+
 3 |   |   |   |   |   |   |   |   |   |   |   |
   +---+---+---+---+---+---+---+---+---+---+---+
 4 |   |   |   |   |   |   |   |   |   |   |   |
   +---+---+---+---+---+---+---+---+---+---+---+
 5 |   |   |   |   | D |   |   |   |   |   |   |
   +---+---+---+---+---+---+---+---+---+---+---+
 6 |   |   |   |   |   | D |   |   |   |   |   |
   +---+---+---+---+---+---+---+---+---+---+---+
 7 |   |   |   |   |   |   |   |   |   |   |   |
   +---+---+---+---+---+---+---+---+---+---+---+
 8 |   |   |   |   |   |   |   | L |   |   |   |
   +---+---+---+---+---+---+---+---+---+---+---+
 9 |   |   |   |   |   |   |   |   |   |   |   |
   +---+---+---+---+---+---+---+---+---+---+---+
10 |   |   |   |   |   |   |   |   |   |   |   |
   +---+---+---+---+---+---+---+---+---+---+---+
11 |   |   | L |   |   |   |   |   |   |   |   |
   +---+---+---+---+---+---+---+---+---+---+---+
Move played: h8
Dark player (human) plays now
>      a   b   c   d   e   f   g   h   i   j   k
   +---+---+---+---+---+---+---+---+---+---+---+
 1 |   |   |   |   |   |   |   |   |   |   |   |
   +---+---+---+---+---+---+---+---+---+---+---+
 2 |   |   |   |   |   |   |   |   |   |   |   |
   +---+---+---+---+---+---+---+---+---+---+---+
 3 |   |   |   |   |   |   |   |   |   |   |   |
   +---+---+---+---+---+---+---+---+---+---+---+
 4 |   |   |   | D |   |   |   |   |   |   |   |
   +---+---+---+---+---+---+---+---+---+---+---+
 5 |   |   |   |   | D |   |   |   |   |   |   |
   +---+---+---+---+---+---+---+---+---+---+---+
 6 |   |   |   |   |   | D |   |   |   |   |   |
   +---+---+---+---+---+---+---+---+---+---+---+
 7 |   |   |   |   |   |   |   |   |   |   |   |
   +---+---+---+---+---+---+---+---+---+---+---+
 8 |   |   |   |   |   |   |   | L |   |   |   |
   +---+---+---+---+---+---+---+---+---+---+---+
 9 |   |   |   |   |   |   |   |   |   |   |   |
   +---+---+---+---+---+---+---+---+---+---+---+
10 |   |   |   |   |   |   |   |   |   |   |   |
   +---+---+---+---+---+---+---+---+---+---+---+
11 |   |   | L |   |   |   |   |   |   |   |   |
   +---+---+---+---+---+---+---+---+---+---+---+
Move played: d4
Light player (COM) plays now
Light player (COM) is calculating its next move... (this might take up to 30 seconds)
     a   b   c   d   e   f   g   h   i   j   k
   +---+---+---+---+---+---+---+---+---+---+---+
 1 |   |   |   |   |   |   |   |   |   |   |   |
   +---+---+---+---+---+---+---+---+---+---+---+
 2 |   |   |   |   |   |   |   |   |   |   |   |
   +---+---+---+---+---+---+---+---+---+---+---+
 3 |   |   | L |   |   |   |   |   |   |   |   |
   +---+---+---+---+---+---+---+---+---+---+---+
 4 |   |   |   | D |   |   |   |   |   |   |   |
   +---+---+---+---+---+---+---+---+---+---+---+
 5 |   |   |   |   | D |   |   |   |   |   |   |
   +---+---+---+---+---+---+---+---+---+---+---+
 6 |   |   |   |   |   | D |   |   |   |   |   |
   +---+---+---+---+---+---+---+---+---+---+---+
 7 |   |   |   |   |   |   |   |   |   |   |   |
   +---+---+---+---+---+---+---+---+---+---+---+
 8 |   |   |   |   |   |   |   | L |   |   |   |
   +---+---+---+---+---+---+---+---+---+---+---+
 9 |   |   |   |   |   |   |   |   |   |   |   |
   +---+---+---+---+---+---+---+---+---+---+---+
10 |   |   |   |   |   |   |   |   |   |   |   |
   +---+---+---+---+---+---+---+---+---+---+---+
11 |   |   | L |   |   |   |   |   |   |   |   |
   +---+---+---+---+---+---+---+---+---+---+---+
Move played: c3
Dark player (human) plays now
>      a   b   c   d   e   f   g   h   i   j   k
   +---+---+---+---+---+---+---+---+---+---+---+
 1 |   |   |   |   |   |   |   |   |   |   |   |
   +---+---+---+---+---+---+---+---+---+---+---+
 2 |   |   |   |   |   |   |   |   |   |   |   |
   +---+---+---+---+---+---+---+---+---+---+---+
 3 |   |   | L |   |   |   |   |   |   |   |   |
   +---+---+---+---+---+---+---+---+---+---+---+
 4 |   |   |   | D | D |   |   |   |   |   |   |
   +---+---+---+---+---+---+---+---+---+---+---+
 5 |   |   |   |   | D |   |   |   |   |   |   |
   +---+---+---+---+---+---+---+---+---+---+---+
 6 |   |   |   |   |   | D |   |   |   |   |   |
   +---+---+---+---+---+---+---+---+---+---+---+
 7 |   |   |   |   |   |   |   |   |   |   |   |
   +---+---+---+---+---+---+---+---+---+---+---+
 8 |   |   |   |   |   |   |   | L |   |   |   |
   +---+---+---+---+---+---+---+---+---+---+---+
 9 |   |   |   |   |   |   |   |   |   |   |   |
   +---+---+---+---+---+---+---+---+---+---+---+
10 |   |   |   |   |   |   |   |   |   |   |   |
   +---+---+---+---+---+---+---+---+---+---+---+
11 |   |   | L |   |   |   |   |   |   |   |   |
   +---+---+---+---+---+---+---+---+---+---+---+
Move played: e4
Light player (COM) plays now
Light player (COM) is calculating its next move... (this might take up to 30 seconds)
     a   b   c   d   e   f   g   h   i   j   k
   +---+---+---+---+---+---+---+---+---+---+---+
 1 |   |   |   |   |   |   |   |   |   |   |   |
   +---+---+---+---+---+---+---+---+---+---+---+
 2 |   |   |   |   |   |   |   |   |   |   |   |
   +---+---+---+---+---+---+---+---+---+---+---+
 3 |   |   | L |   |   |   |   |   |   |   |   |
   +---+---+---+---+---+---+---+---+---+---+---+
 4 |   |   | L | D | D |   |   |   |   |   |   |
   +---+---+---+---+---+---+---+---+---+---+---+
 5 |   |   |   |   | D |   |   |   |   |   |   |
   +---+---+---+---+---+---+---+---+---+---+---+
 6 |   |   |   |   |   | D |   |   |   |   |   |
   +---+---+---+---+---+---+---+---+---+---+---+
 7 |   |   |   |   |   |   |   |   |   |   |   |
   +---+---+---+---+---+---+---+---+---+---+---+
 8 |   |   |   |   |   |   |   | L |   |   |   |
   +---+---+---+---+---+---+---+---+---+---+---+
 9 |   |   |   |   |   |   |   |   |   |   |   |
   +---+---+---+---+---+---+---+---+---+---+---+
10 |   |   |   |   |   |   |   |   |   |   |   |
   +---+---+---+---+---+---+---+---+---+---+---+
11 |   |   | L |   |   |   |   |   |   |   |   |
   +---+---+---+---+---+---+---+---+---+---+---+
Move played: c4
Dark player (human) plays now
>      a   b   c   d   e   f   g   h   i   j   k
   +---+---+---+---+---+---+---+---+---+---+---+
 1 |   |   |   |   |   |   |   |   |   |   |   |
   +---+---+---+---+---+---+---+---+---+---+---+
 2 |   |   |   |   |   |   |   |   |   |   |   |
   +---+---+---+---+---+---+---+---+---+---+---+
 3 |   |   | L |   | D |   |   |   |   |   |   |
   +---+---+---+---+---+---+---+---+---+---+---+
 4 |   |   | L | D | D |   |   |   |   |   |   |
   +---+---+---+---+---+---+---+---+---+---+---+
 5 |   |   |   |   | D |   |   |   |   |   |   |
   +---+---+---+---+---+---+---+---+---+---+---+
 6 |   |   |   |   |   | D |   |   |   |   |   |
   +---+---+---+---+---+---+---+---+---+---+---+
 7 |   |   |   |   |   |   |   |   |   |   |   |
   +---+---+---+---+---+---+---+---+---+---+---+
 8 |   |   |   |   |   |   |   | L |   |   |   |
   +---+---+---+---+---+---+---+---+---+---+---+
 9 |   |   |   |   |   |   |   |   |   |   |   |
   +---+---+---+---+---+---+---+---+---+---+---+
10 |   |   |   |   |   |   |   |   |   |   |   |
   +---+---+---+---+---+---+---+---+---+---+---+
11 |   |   | L |   |   |   |   |   |   |   |   |
   +---+---+---+---+---+---+---+---+---+---+---+
Move played: e3
Light player (COM) plays now
Light player (COM) is calculating its next move... (this might take up to 30 seconds)
     a   b   c   d   e   f   g   h   i   j   k
   +---+---+---+---+---+---+---+---+---+---+---+
 1 |   |   |   |   |   |   |   |   |   |   |   |
   +---+---+---+---+---+---+---+---+---+---+---+
 2 |   |   |   |   |   |   |   |   |   |   |   |
   +---+---+---+---+---+---+---+---+---+---+---+
 3 |   |   | L |   | D |   |   |   |   |   |   |
   +---+---+---+---+---+---+---+---+---+---+---+
 4 |   |   | L | D | D |   |   |   |   |   |   |
   +---+---+---+---+---+---+---+---+---+---+---+
 5 |   |   |   |   | D |   |   |   |   |   |   |
   +---+---+---+---+---+---+---+---+---+---+---+
 6 |   |   |   |   | L | D |   |   |   |   |   |
   +---+---+---+---+---+---+---+---+---+---+---+
 7 |   |   |   |   |   |   |   |   |   |   |   |
   +---+---+---+---+---+---+---+---+---+---+---+
 8 |   |   |   |   |   |   |   | L |   |   |   |
   +---+---+---+---+---+---+---+---+---+---+---+
 9 |   |   |   |   |   |   |   |   |   |   |   |
   +---+---+---+---+---+---+---+---+---+---+---+
10 |   |   |   |   |   |   |   |   |   |   |   |
   +---+---+---+---+---+---+---+---+---+---+---+
11 |   |   | L |   |   |   |   |   |   |   |   |
   +---+---+---+---+---+---+---+---+---+---+---+
Move played: e6
Dark player (human) plays now
>      a   b   c   d   e   f   g   h   i   j   k
   +---+---+---+---+---+---+---+---+---+---+---+
 1 |   |   |   |   |   |   |   |   |   |   |   |
   +---+---+---+---+---+---+---+---+---+---+---+
 2 |   |   |   |   |   |   |   |   |   |   |   |
   +---+---+---+---+---+---+---+---+---+---+---+
 3 |   |   | L |   | D |   |   |   |   |   |   |
   +---+---+---+---+---+---+---+---+---+---+---+
 4 |   |   | L | D | D | D |   |   |   |   |   |
   +---+---+---+---+---+---+---+---+---+---+---+
 5 |   |   |   |   | D |   |   |   |   |   |   |
   +---+---+---+---+---+---+---+---+---+---+---+
 6 |   |   |   |   | L | D |   |   |   |   |   |
   +---+---+---+---+---+---+---+---+---+---+---+
 7 |   |   |   |   |   |   |   |   |   |   |   |
   +---+---+---+---+---+---+---+---+---+---+---+
 8 |   |   |   |   |   |   |   | L |   |   |   |
   +---+---+---+---+---+---+---+---+---+---+---+
 9 |   |   |   |   |   |   |   |   |   |   |   |
   +---+---+---+---+---+---+---+---+---+---+---+
10 |   |   |   |   |   |   |   |   |   |   |   |
   +---+---+---+---+---+---+---+---+---+---+---+
11 |   |   | L |   |   |   |   |   |   |   |   |
   +---+---+---+---+---+---+---+---+---+---+---+
Move played: f4
Light player (COM) plays now
Light player (COM) is calculating its next move... (this might take up to 30 seconds)
     a   b   c   d   e   f   g   h   i   j   k
   +---+---+---+---+---+---+---+---+---+---+---+
 1 |   |   |   |   |   |   |   |   |   |   |   |
   +---+---+---+---+---+---+---+---+---+---+---+
 2 |   |   |   |   |   |   |   |   |   |   |   |
   +---+---+---+---+---+---+---+---+---+---+---+
 3 |   |   | L |   | D |   |   |   |   |   |   |
   +---+---+---+---+---+---+---+---+---+---+---+
 4 |   |   | L | D | D | D |   |   |   |   |   |
   +---+---+---+---+---+---+---+---+---+---+---+
 5 |   |   | L |   | D |   |   |   |   |   |   |
   +---+---+---+---+---+---+---+---+---+---+---+
 6 |   |   |   |   | L | D |   |   |   |   |   |
   +---+---+---+---+---+---+---+---+---+---+---+
 7 |   |   |   |   |   |   |   |   |   |   |   |
   +---+---+---+---+---+---+---+---+---+---+---+
 8 |   |   |   |   |   |   |   | L |   |   |   |
   +---+---+---+---+---+---+---+---+---+---+---+
 9 |   |   |   |   |   |   |   |   |   |   |   |
   +---+---+---+---+---+---+---+---+---+---+---+
10 |   |   |   |   |   |   |   |   |   |   |   |
   +---+---+---+---+---+---+---+---+---+---+---+
11 |   |   | L |   |   |   |   |   |   |   |   |
   +---+---+---+---+---+---+---+---+---+---+---+
Move played: c5
Dark player (human) plays now
>      a   b   c   d   e   f   g   h   i   j   k
   +---+---+---+---+---+---+---+---+---+---+---+
 1 |   |   |   |   |   |   |   |   |   |   |   |
   +---+---+---+---+---+---+---+---+---+---+---+
 2 |   |   | D |   |   |   |   |   |   |   |   |
   +---+---+---+---+---+---+---+---+---+---+---+
 3 |   |   | L |   | D |   |   |   |   |   |   |
   +---+---+---+---+---+---+---+---+---+---+---+
 4 |   |   | L | D | D | D |   |   |   |   |   |
   +---+---+---+---+---+---+---+---+---+---+---+
 5 |   |   | L |   | D |   |   |   |   |   |   |
   +---+---+---+---+---+---+---+---+---+---+---+
 6 |   |   |   |   | L | D |   |   |   |   |   |
   +---+---+---+---+---+---+---+---+---+---+---+
 7 |   |   |   |   |   |   |   |   |   |   |   |
   +---+---+---+---+---+---+---+---+---+---+---+
 8 |   |   |   |   |   |   |   | L |   |   |   |
   +---+---+---+---+---+---+---+---+---+---+---+
 9 |   |   |   |   |   |   |   |   |   |   |   |
   +---+---+---+---+---+---+---+---+---+---+---+
10 |   |   |   |   |   |   |   |   |   |   |   |
   +---+---+---+---+---+---+---+---+---+---+---+
11 |   |   | L |   |   |   |   |   |   |   |   |
   +---+---+---+---+---+---+---+---+---+---+---+
Move played: c2
Light player (COM) plays now
Light player (COM) is calculating its next move... (this might take up to 30 seconds)
     a   b   c   d   e   f   g   h   i   j   k
   +---+---+---+---+---+---+---+---+---+---+---+
 1 |   |   |   |   |   |   |   |   |   |   |   |
   +---+---+---+---+---+---+---+---+---+---+---+
 2 |   |   | D |   | L |   |   |   |   |   |   |
   +---+---+---+---+---+---+---+---+---+---+---+
 3 |   |   | L |   | D |   |   |   |   |   |   |
   +---+---+---+---+---+---+---+---+---+---+---+
 4 |   |   | L | D | D | D |   |   |   |   |   |
   +---+---+---+---+---+---+---+---+---+---+---+
 5 |   |   | L |   | D |   |   |   |   |   |   |
   +---+---+---+---+---+---+---+---+---+---+---+
 6 |   |   |   |   | L | D |   |   |   |   |   |
   +---+---+---+---+---+---+---+---+---+---+---+
 7 |   |   |   |   |   |   |   |   |   |   |   |
   +---+---+---+---+---+---+---+---+---+---+---+
 8 |   |   |   |   |   |   |   | L |   |   |   |
   +---+---+---+---+---+---+---+---+---+---+---+
 9 |   |   |   |   |   |   |   |   |   |   |   |
   +---+---+---+---+---+---+---+---+---+---+---+
10 |   |   |   |   |   |   |   |   |   |   |   |
   +---+---+---+---+---+---+---+---+---+---+---+
11 |   |   | L |   |   |   |   |   |   |   |   |
   +---+---+---+---+---+---+---+---+---+---+---+
Move played: e2
Dark player (human) plays now
>      a   b   c   d   e   f   g   h   i   j   k
   +---+---+---+---+---+---+---+---+---+---+---+
 1 |   |   |   |   |   |   |   |   |   |   |   |
   +---+---+---+---+---+---+---+---+---+---+---+
 2 |   |   | D |   | L |   |   |   |   |   |   |
   +---+---+---+---+---+---+---+---+---+---+---+
 3 |   |   | L |   | D |   |   |   |   |   |   |
   +---+---+---+---+---+---+---+---+---+---+---+
 4 |   |   | L | D | D | D |   |   |   |   |   |
   +---+---+---+---+---+---+---+---+---+---+---+
 5 |   |   | L |   | D | D |   |   |   |   |   |
   +---+---+---+---+---+---+---+---+---+---+---+
 6 |   |   |   |   | L | D |   |   |   |   |   |
   +---+---+---+---+---+---+---+---+---+---+---+
 7 |   |   |   |   |   |   |   |   |   |   |   |
   +---+---+---+---+---+---+---+---+---+---+---+
 8 |   |   |   |   |   |   |   | L |   |   |   |
   +---+---+---+---+---+---+---+---+---+---+---+
 9 |   |   |   |   |   |   |   |   |   |   |   |
   +---+---+---+---+---+---+---+---+---+---+---+
10 |   |   |   |   |   |   |   |   |   |   |   |
   +---+---+---+---+---+---+---+---+---+---+---+
11 |   |   | L |   |   |   |   |   |   |   |   |
   +---+---+---+---+---+---+---+---+---+---+---+
Move played: f5
Light player (COM) plays now
Light player (COM) is calculating its next move... (this might take up to 30 seconds)
     a   b   c   d   e   f   g   h   i   j   k
   +---+---+---+---+---+---+---+---+---+---+---+
 1 |   |   |   |   |   |   |   |   |   |   |   |
   +---+---+---+---+---+---+---+---+---+---+---+
 2 |   |   | D |   | L |   |   |   |   |   |   |
   +---+---+---+---+---+---+---+---+---+---+---+
 3 |   |   | L |   | D |   |   |   |   |   |   |
   +---+---+---+---+---+---+---+---+---+---+---+
 4 |   |   | L | D | D | D |   |   |   |   |   |
   +---+---+---+---+---+---+---+---+---+---+---+
 5 |   |   | L |   | D | D |   |   |   |   |   |
   +---+---+---+---+---+---+---+---+---+---+---+
 6 |   |   |   |   | L | D |   |   |   |   |   |
   +---+---+---+---+---+---+---+---+---+---+---+
 7 |   |   |   |   | L |   |   |   |   |   |   |
   +---+---+---+---+---+---+---+---+---+---+---+
 8 |   |   |   |   |   |   |   | L |   |   |   |
   +---+---+---+---+---+---+---+---+---+---+---+
 9 |   |   |   |   |   |   |   |   |   |   |   |
   +---+---+---+---+---+---+---+---+---+---+---+
10 |   |   |   |   |   |   |   |   |   |   |   |
   +---+---+---+---+---+---+---+---+---+---+---+
11 |   |   | L |   |   |   |   |   |   |   |   |
   +---+---+---+---+---+---+---+---+---+---+---+
Move played: e7
Dark player (human) plays now
>      a   b   c   d   e   f   g   h   i   j   k
   +---+---+---+---+---+---+---+---+---+---+---+
 1 |   |   |   |   |   |   |   |   |   |   |   |
   +---+---+---+---+---+---+---+---+---+---+---+
 2 |   |   | D |   | L |   |   |   |   |   |   |
   +---+---+---+---+---+---+---+---+---+---+---+
 3 |   |   | L |   | D |   |   |   |   |   |   |
   +---+---+---+---+---+---+---+---+---+---+---+
 4 |   |   | L | D | D | D |   |   |   |   |   |
   +---+---+---+---+---+---+---+---+---+---+---+
 5 |   |   | L |   | D | D | D |   |   |   |   |
   +---+---+---+---+---+---+---+---+---+---+---+
 6 |   |   |   |   | L | D |   |   |   |   |   |
   +---+---+---+---+---+---+---+---+---+---+---+
 7 |   |   |   |   | L |   |   |   |   |   |   |
   +---+---+---+---+---+---+---+---+---+---+---+
 8 |   |   |   |   |   |   |   | L |   |   |   |
   +---+---+---+---+---+---+---+---+---+---+---+
 9 |   |   |   |   |   |   |   |   |   |   |   |
   +---+---+---+---+---+---+---+---+---+---+---+
10 |   |   |   |   |   |   |   |   |   |   |   |
   +---+---+---+---+---+---+---+---+---+---+---+
11 |   |   | L |   |   |   |   |   |   |   |   |
   +---+---+---+---+---+---+---+---+---+---+---+
Move played: g5
Light player (COM) plays now
Light player (COM) is calculating its next move... (this might take up to 30 seconds)
     a   b   c   d   e   f   g   h   i   j   k
   +---+---+---+---+---+---+---+---+---+---+---+
 1 |   |   |   |   |   |   |   |   |   |   |   |
   +---+---+---+---+---+---+---+---+---+---+---+
 2 |   |   | D |   | L |   |   |   |   |   |   |
   +---+---+---+---+---+---+---+---+---+---+---+
 3 |   |   | L |   | D |   |   |   |   |   |   |
   +---+---+---+---+---+---+---+---+---+---+---+
 4 |   |   | L | D | D | D |   |   |   |   |   |
   +---+---+---+---+---+---+---+---+---+---+---+
 5 |   |   | L |   | D | D | D |   |   |   |   |
   +---+---+---+---+---+---+---+---+---+---+---+
 6 |   |   |   |   | L | D |   |   |   |   |   |
   +---+---+---+---+---+---+---+---+---+---+---+
 7 |   |   |   |   | L | L |   |   |   |   |   |
   +---+---+---+---+---+---+---+---+---+---+---+
 8 |   |   |   |   |   |   |   | L |   |   |   |
   +---+---+---+---+---+---+---+---+---+---+---+
 9 |   |   |   |   |   |   |   |   |   |   |   |
   +---+---+---+---+---+---+---+---+---+---+---+
10 |   |   |   |   |   |   |   |   |   |   |   |
   +---+---+---+---+---+---+---+---+---+---+---+
11 |   |   | L |   |   |   |   |   |   |   |   |
   +---+---+---+---+---+---+---+---+---+---+---+
Move played: f7
Dark player (human) plays now
>      a   b   c   d   e   f   g   h   i   j   k
   +---+---+---+---+---+---+---+---+---+---+---+
 1 |   |   |   |   |   |   |   |   |   |   |   |
   +---+---+---+---+---+---+---+---+---+---+---+
 2 |   |   | D |   | L |   |   |   |   |   |   |
   +---+---+---+---+---+---+---+---+---+---+---+
 3 |   |   | L |   | D |   |   |   |   |   |   |
   +---+---+---+---+---+---+---+---+---+---+---+
 4 |   |   | L | D | D | D |   |   |   |   |   |
   +---+---+---+---+---+---+---+---+---+---+---+
 5 |   |   | L | D | D | D | D |   |   |   |   |
   +---+---+---+---+---+---+---+---+---+---+---+
 6 |   |   |   |   | L | D |   |   |   |   |   |
   +---+---+---+---+---+---+---+---+---+---+---+
 7 |   |   |   |   | L | L |   |   |   |   |   |
   +---+---+---+---+---+---+---+---+---+---+---+
 8 |   |   |   |   |   |   |   | L |   |   |   |
   +---+---+---+---+---+---+---+---+---+---+---+
 9 |   |   |   |   |   |   |   |   |   |   |   |
   +---+---+---+---+---+---+---+---+---+---+---+
10 |   |   |   |   |   |   |   |   |   |   |   |
   +---+---+---+---+---+---+---+---+---+---+---+
11 |   |   | L |   |   |   |   |   |   |   |   |
   +---+---+---+---+---+---+---+---+---+---+---+
Move played: d5
Light player (COM) plays now
Light player (COM) is calculating its next move... (this might take up to 30 seconds)
     a   b   c   d   e   f   g   h   i   j   k
   +---+---+---+---+---+---+---+---+---+---+---+
 1 |   |   |   |   |   |   |   |   |   |   |   |
   +---+---+---+---+---+---+---+---+---+---+---+
 2 |   |   | D |   | L |   |   |   |   |   |   |
   +---+---+---+---+---+---+---+---+---+---+---+
 3 |   |   | L |   | D |   |   |   |   |   |   |
   +---+---+---+---+---+---+---+---+---+---+---+
 4 |   |   | L | D | D | D |   |   |   |   |   |
   +---+---+---+---+---+---+---+---+---+---+---+
 5 |   |   | L | D | D | D | D | L |   |   |   |
   +---+---+---+---+---+---+---+---+---+---+---+
 6 |   |   |   |   | L | D |   |   |   |   |   |
   +---+---+---+---+---+---+---+---+---+---+---+
 7 |   |   |   |   | L | L |   |   |   |   |   |
   +---+---+---+---+---+---+---+---+---+---+---+
 8 |   |   |   |   |   |   |   | L |   |   |   |
   +---+---+---+---+---+---+---+---+---+---+---+
 9 |   |   |   |   |   |   |   |   |   |   |   |
   +---+---+---+---+---+---+---+---+---+---+---+
10 |   |   |   |   |   |   |   |   |   |   |   |
   +---+---+---+---+---+---+---+---+---+---+---+
11 |   |   | L |   |   |   |   |   |   |   |   |
   +---+---+---+---+---+---+---+---+---+---+---+
Move played: h5
Dark player (human) plays now
>      a   b   c   d   e   f   g   h   i   j   k
   +---+---+---+---+---+---+---+---+---+---+---+
 1 |   |   |   |   |   |   |   |   |   |   |   |
   +---+---+---+---+---+---+---+---+---+---+---+
 2 |   |   | D |   | L |   |   |   |   |   |   |
   +---+---+---+---+---+---+---+---+---+---+---+
 3 |   |   | L | D | D |   |   |   |   |   |   |
   +---+---+---+---+---+---+---+---+---+---+---+
 4 |   |   | L | D | D | D |   |   |   |   |   |
   +---+---+---+---+---+---+---+---+---+---+---+
 5 |   |   | L | D | D | D | D | L |   |   |   |
   +---+---+---+---+---+---+---+---+---+---+---+
 6 |   |   |   |   | L | D |   |   |   |   |   |
   +---+---+---+---+---+---+---+---+---+---+---+
 7 |   |   |   |   | L | L |   |   |   |   |   |
   +---+---+---+---+---+---+---+---+---+---+---+
 8 |   |   |   |   |   |   |   | L |   |   |   |
   +---+---+---+---+---+---+---+---+---+---+---+
 9 |   |   |   |   |   |   |   |   |   |   |   |
   +---+---+---+---+---+---+---+---+---+---+---+
10 |   |   |   |   |   |   |   |   |   |   |   |
   +---+---+---+---+---+---+---+---+---+---+---+
11 |   |   | L |   |   |   |   |   |   |   |   |
   +---+---+---+---+---+---+---+---+---+---+---+
Move played: d3
Light player (COM) plays now
Light player (COM) is calculating its next move... (this might take up to 30 seconds)
     a   b   c   d   e   f   g   h   i   j   k
   +---+---+---+---+---+---+---+---+---+---+---+
 1 |   |   |   |   |   |   |   |   |   |   |   |
   +---+---+---+---+---+---+---+---+---+---+---+
 2 |   |   | D |   | L |   |   |   |   |   |   |
   +---+---+---+---+---+---+---+---+---+---+---+
 3 |   |   | L | D | D |   |   |   |   |   |   |
   +---+---+---+---+---+---+---+---+---+---+---+
 4 |   |   | L | D | D | D |   |   |   |   |   |
   +---+---+---+---+---+---+---+---+---+---+---+
 5 |   |   | L | D | D | D | D | L |   |   |   |
   +---+---+---+---+---+---+---+---+---+---+---+
 6 |   |   |   |   | L | D | L |   |   |   |   |
   +---+---+---+---+---+---+---+---+---+---+---+
 7 |   |   |   |   | L | L |   |   |   |   |   |
   +---+---+---+---+---+---+---+---+---+---+---+
 8 |   |   |   |   |   |   |   | L |   |   |   |
   +---+---+---+---+---+---+---+---+---+---+---+
 9 |   |   |   |   |   |   |   |   |   |   |   |
   +---+---+---+---+---+---+---+---+---+---+---+
10 |   |   |   |   |   |   |   |   |   |   |   |
   +---+---+---+---+---+---+---+---+---+---+---+
11 |   |   | L |   |   |   |   |   |   |   |   |
   +---+---+---+---+---+---+---+---+---+---+---+
Move played: g6
Dark player (human) plays now
>      a   b   c   d   e   f   g   h   i   j   k
   +---+---+---+---+---+---+---+---+---+---+---+
 1 |   |   |   |   |   |   |   |   |   |   |   |
   +---+---+---+---+---+---+---+---+---+---+---+
 2 |   |   | D |   | L |   |   |   |   |   |   |
   +---+---+---+---+---+---+---+---+---+---+---+
 3 |   |   | L | D | D |   |   |   |   |   |   |
   +---+---+---+---+---+---+---+---+---+---+---+
 4 |   |   | L | D | D | D |   |   |   |   |   |
   +---+---+---+---+---+---+---+---+---+---+---+
 5 |   |   | L | D | D | D | D | L |   |   |   |
   +---+---+---+---+---+---+---+---+---+---+---+
 6 |   |   |   |   | L | D | L |   |   |   |   |
   +---+---+---+---+---+---+---+---+---+---+---+
 7 |   |   |   |   | L | L |   |   |   |   |   |
   +---+---+---+---+---+---+---+---+---+---+---+
 8 |   |   |   |   | D |   |   | L |   |   |   |
   +---+---+---+---+---+---+---+---+---+---+---+
 9 |   |   |   |   |   |   |   |   |   |   |   |
   +---+---+---+---+---+---+---+---+---+---+---+
10 |   |   |   |   |   |   |   |   |   |   |   |
   +---+---+---+---+---+---+---+---+---+---+---+
11 |   |   | L |   |   |   |   |   |   |   |   |
   +---+---+---+---+---+---+---+---+---+---+---+
Move played: e8
Light player (COM) plays now
Light player (COM) is calculating its next move... (this might take up to 30 seconds)
     a   b   c   d   e   f   g   h   i   j   k
   +---+---+---+---+---+---+---+---+---+---+---+
 1 |   | L |   |   |   |   |   |   |   |   |   |
   +---+---+---+---+---+---+---+---+---+---+---+
 2 |   |   | D |   | L |   |   |   |   |   |   |
   +---+---+---+---+---+---+---+---+---+---+---+
 3 |   |   | L | D | D |   |   |   |   |   |   |
   +---+---+---+---+---+---+---+---+---+---+---+
 4 |   |   | L | D | D | D |   |   |   |   |   |
   +---+---+---+---+---+---+---+---+---+---+---+
 5 |   |   | L | D | D | D | D | L |   |   |   |
   +---+---+---+---+---+---+---+---+---+---+---+
 6 |   |   |   |   | L | D | L |   |   |   |   |
   +---+---+---+---+---+---+---+---+---+---+---+
 7 |   |   |   |   | L | L |   |   |   |   |   |
   +---+---+---+---+---+---+---+---+---+---+---+
 8 |   |   |   |   | D |   |   | L |   |   |   |
   +---+---+---+---+---+---+---+---+---+---+---+
 9 |   |   |   |   |   |   |   |   |   |   |   |
   +---+---+---+---+---+---+---+---+---+---+---+
10 |   |   |   |   |   |   |   |   |   |   |   |
   +---+---+---+---+---+---+---+---+---+---+---+
11 |   |   | L |   |   |   |   |   |   |   |   |
   +---+---+---+---+---+---+---+---+---+---+---+
Move played: b1
Dark player (human) plays now
>      a   b   c   d   e   f   g   h   i   j   k
   +---+---+---+---+---+---+---+---+---+---+---+
 1 |   | L |   |   |   |   |   |   |   |   |   |
   +---+---+---+---+---+---+---+---+---+---+---+
 2 |   |   | D |   | L |   |   |   |   |   |   |
   +---+---+---+---+---+---+---+---+---+---+---+
 3 |   |   | L | D | D | D |   |   |   |   |   |
   +---+---+---+---+---+---+---+---+---+---+---+
 4 |   |   | L | D | D | D |   |   |   |   |   |
   +---+---+---+---+---+---+---+---+---+---+---+
 5 |   |   | L | D | D | D | D | L |   |   |   |
   +---+---+---+---+---+---+---+---+---+---+---+
 6 |   |   |   |   | L | D | L |   |   |   |   |
   +---+---+---+---+---+---+---+---+---+---+---+
 7 |   |   |   |   | L | L |   |   |   |   |   |
   +---+---+---+---+---+---+---+---+---+---+---+
 8 |   |   |   |   | D |   |   | L |   |   |   |
   +---+---+---+---+---+---+---+---+---+---+---+
 9 |   |   |   |   |   |   |   |   |   |   |   |
   +---+---+---+---+---+---+---+---+---+---+---+
10 |   |   |   |   |   |   |   |   |   |   |   |
   +---+---+---+---+---+---+---+---+---+---+---+
11 |   |   | L |   |   |   |   |   |   |   |   |
   +---+---+---+---+---+---+---+---+---+---+---+
Move played: f3
Light player (COM) plays now
Light player (COM) is calculating its next move... (this might take up to 30 seconds)
     a   b   c   d   e   f   g   h   i   j   k
   +---+---+---+---+---+---+---+---+---+---+---+
 1 |   | L |   |   |   |   |   |   |   |   |   |
   +---+---+---+---+---+---+---+---+---+---+---+
 2 |   |   | D |   | L | L |   |   |   |   |   |
   +---+---+---+---+---+---+---+---+---+---+---+
 3 |   |   | L | D | D | D |   |   |   |   |   |
   +---+---+---+---+---+---+---+---+---+---+---+
 4 |   |   | L | D | D | D |   |   |   |   |   |
   +---+---+---+---+---+---+---+---+---+---+---+
 5 |   |   | L | D | D | D | D | L |   |   |   |
   +---+---+---+---+---+---+---+---+---+---+---+
 6 |   |   |   |   | L | D | L |   |   |   |   |
   +---+---+---+---+---+---+---+---+---+---+---+
 7 |   |   |   |   | L | L |   |   |   |   |   |
   +---+---+---+---+---+---+---+---+---+---+---+
 8 |   |   |   |   | D |   |   | L |   |   |   |
   +---+---+---+---+---+---+---+---+---+---+---+
 9 |   |   |   |   |   |   |   |   |   |   |   |
   +---+---+---+---+---+---+---+---+---+---+---+
10 |   |   |   |   |   |   |   |   |   |   |   |
   +---+---+---+---+---+---+---+---+---+---+---+
11 |   |   | L |   |   |   |   |   |   |   |   |
   +---+---+---+---+---+---+---+---+---+---+---+
Move played: f2
Dark player (human) plays now
>      a   b   c   d   e   f   g   h   i   j   k
   +---+---+---+---+---+---+---+---+---+---+---+
 1 |   | L |   |   |   |   |   |   |   |   |   |
   +---+---+---+---+---+---+---+---+---+---+---+
 2 |   |   | D |   | L | L |   |   |   |   |   |
   +---+---+---+---+---+---+---+---+---+---+---+
 3 |   |   | L | D | D | D | D |   |   |   |   |
   +---+---+---+---+---+---+---+---+---+---+---+
 4 |   |   | L | D | D | D |   |   |   |   |   |
   +---+---+---+---+---+---+---+---+---+---+---+
 5 |   |   | L | D | D | D | D | L |   |   |   |
   +---+---+---+---+---+---+---+---+---+---+---+
 6 |   |   |   |   | L | D | L |   |   |   |   |
   +---+---+---+---+---+---+---+---+---+---+---+
 7 |   |   |   |   | L | L |   |   |   |   |   |
   +---+---+---+---+---+---+---+---+---+---+---+
 8 |   |   |   |   | D |   |   | L |   |   |   |
   +---+---+---+---+---+---+---+---+---+---+---+
 9 |   |   |   |   |   |   |   |   |   |   |   |
   +---+---+---+---+---+---+---+---+---+---+---+
10 |   |   |   |   |   |   |   |   |   |   |   |
   +---+---+---+---+---+---+---+---+---+---+---+
11 |   |   | L |   |   |   |   |   |   |   |   |
   +---+---+---+---+---+---+---+---+---+---+---+
Move played: g3
Light player (COM) plays now
Light player (COM) is calculating its next move... (this might take up to 30 seconds)
     a   b   c   d   e   f   g   h   i   j   k
   +---+---+---+---+---+---+---+---+---+---+---+
 1 |   | L |   |   |   |   |   |   |   |   |   |
   +---+---+---+---+---+---+---+---+---+---+---+
 2 |   |   | D |   | L | L |   |   |   |   |   |
   +---+---+---+---+---+---+---+---+---+---+---+
 3 |   |   | L | D | D | D | D | L |   |   |   |
   +---+---+---+---+---+---+---+---+---+---+---+
 4 |   |   | L | D | D | D |   |   |   |   |   |
   +---+---+---+---+---+---+---+---+---+---+---+
 5 |   |   | L | D | D | D | D | L |   |   |   |
   +---+---+---+---+---+---+---+---+---+---+---+
 6 |   |   |   |   | L | D | L |   |   |   |   |
   +---+---+---+---+---+---+---+---+---+---+---+
 7 |   |   |   |   | L | L |   |   |   |   |   |
   +---+---+---+---+---+---+---+---+---+---+---+
 8 |   |   |   |   | D |   |   | L |   |   |   |
   +---+---+---+---+---+---+---+---+---+---+---+
 9 |   |   |   |   |   |   |   |   |   |   |   |
   +---+---+---+---+---+---+---+---+---+---+---+
10 |   |   |   |   |   |   |   |   |   |   |   |
   +---+---+---+---+---+---+---+---+---+---+---+
11 |   |   | L |   |   |   |   |   |   |   |   |
   +---+---+---+---+---+---+---+---+---+---+---+
Move played: h3
Dark player (human) plays now
>      a   b   c   d   e   f   g   h   i   j   k
   +---+---+---+---+---+---+---+---+---+---+---+
 1 |   | L |   |   |   |   |   |   |   |   |   |
   +---+---+---+---+---+---+---+---+---+---+---+
 2 |   |   | D |   | L | L |   |   |   |   |   |
   +---+---+---+---+---+---+---+---+---+---+---+
 3 |   |   | L | D | D | D | D | L |   |   |   |
   +---+---+---+---+---+---+---+---+---+---+---+
 4 |   |   | L | D | D | D |   |   |   |   |   |
   +---+---+---+---+---+---+---+---+---+---+---+
 5 |   |   | L | D | D | D | D | L |   |   |   |
   +---+---+---+---+---+---+---+---+---+---+---+
 6 |   |   |   | D | L | D | L |   |   |   |   |
   +---+---+---+---+---+---+---+---+---+---+---+
 7 |   |   |   |   | L | L |   |   |   |   |   |
   +---+---+---+---+---+---+---+---+---+---+---+
 8 |   |   |   |   | D |   |   | L |   |   |   |
   +---+---+---+---+---+---+---+---+---+---+---+
 9 |   |   |   |   |   |   |   |   |   |   |   |
   +---+---+---+---+---+---+---+---+---+---+---+
10 |   |   |   |   |   |   |   |   |   |   |   |
   +---+---+---+---+---+---+---+---+---+---+---+
11 |   |   | L |   |   |   |   |   |   |   |   |
   +---+---+---+---+---+---+---+---+---+---+---+
Move played: d6
Light player (COM) plays now
Light player (COM) is calculating its next move... (this might take up to 30 seconds)
     a   b   c   d   e   f   g   h   i   j   k
   +---+---+---+---+---+---+---+---+---+---+---+
 1 |   | L |   |   |   |   |   |   |   |   |   |
   +---+---+---+---+---+---+---+---+---+---+---+
 2 |   |   | D |   | L | L |   |   |   |   |   |
   +---+---+---+---+---+---+---+---+---+---+---+
 3 |   |   | L | D | D | D | D | L |   |   |   |
   +---+---+---+---+---+---+---+---+---+---+---+
 4 |   |   | L | D | D | D |   |   |   |   |   |
   +---+---+---+---+---+---+---+---+---+---+---+
 5 |   |   | L | D | D | D | D | L |   |   |   |
   +---+---+---+---+---+---+---+---+---+---+---+
 6 |   |   |   | D | L | D | L |   |   |   |   |
   +---+---+---+---+---+---+---+---+---+---+---+
 7 |   |   |   |   | L | L |   |   |   |   |   |
   +---+---+---+---+---+---+---+---+---+---+---+
 8 |   |   |   |   | D |   |   | L |   |   |   |
   +---+---+---+---+---+---+---+---+---+---+---+
 9 |   |   | L |   |   |   |   |   |   |   |   |
   +---+---+---+---+---+---+---+---+---+---+---+
10 |   |   |   |   |   |   |   |   |   |   |   |
   +---+---+---+---+---+---+---+---+---+---+---+
11 |   |   | L |   |   |   |   |   |   |   |   |
   +---+---+---+---+---+---+---+---+---+---+---+
Move played: c9
